Log file open, 06/10/17 23:46:05
LogInit:Display: Running engine for game: Sidescroller
LogPlatformFile: Not using cached read wrapper
LogInit:Display: RandInit(-1221926592) SRandInit(-1221926592).
LogTaskGraph: Started task graph with 5 named threads and 8 total threads with 1 sets of task threads.
LogStats: Stats thread started at 0.112940
LogInit: Using libcurl 7.47.1
LogInit:  - built for x86_64-pc-win32
LogInit:  - supports SSL with OpenSSL/1.0.2g
LogInit:  - supports HTTP deflate (compression) using libz 1.2.8
LogInit:  - other features:
LogInit:      CURL_VERSION_SSL
LogInit:      CURL_VERSION_LIBZ
LogInit:      CURL_VERSION_IPV6
LogInit:      CURL_VERSION_ASYNCHDNS
LogInit:      CURL_VERSION_LARGEFILE
LogInit:      CURL_VERSION_IDN
LogInit:  CurlRequestOptions (configurable via config and command line):
LogInit:  - bVerifyPeer = false  - Libcurl will NOT verify peer certificate
LogInit:  - bUseHttpProxy = false  - Libcurl will NOT use HTTP proxy
LogInit:  - bDontReuseConnections = false  - Libcurl will reuse connections
LogInit:  - CertBundlePath = nullptr  - Libcurl will use whatever was configured at build time.
LogInit: Build: ++UE4+Release-4.16-CL-3466753
LogInit: Engine Version: 4.16.1-3466753+++UE4+Release-4.16
LogInit: Compatible Engine Version: 4.16.0-3452394+++UE4+Release-4.16
LogInit: Net CL: 3452394
LogDevObjectVersion: Number of dev versions registered: 16
LogDevObjectVersion:   Dev-Blueprints (B0D832E4-1F89-4F0D-ACCF-7EB736FD4AA2): 9
LogDevObjectVersion:   Dev-Build (E1C64328-A22C-4D53-A36C-8E866417BD8C): 0
LogDevObjectVersion:   Dev-Core (375EC13C-06E4-48FB-B500-84F0262A717E): 2
LogDevObjectVersion:   Dev-Editor (E4B068ED-F494-42E9-A231-DA0B2E46BB41): 17
LogDevObjectVersion:   Dev-Framework (CFFC743F-43B0-4480-9391-14DF171D2073): 23
LogDevObjectVersion:   Dev-Mobile (B02B49B5-BB20-44E9-A304-32B752E40360): 0
LogDevObjectVersion:   Dev-Networking (A4E4105C-59A1-49B5-A7C5-40C4547EDFEE): 0
LogDevObjectVersion:   Dev-Online (39C831C9-5AE6-47DC-9A44-9C173E1C8E7C): 0
LogDevObjectVersion:   Dev-Physics (78F01B33-EBEA-4F98-B9B4-84EACCB95AA2): 0
LogDevObjectVersion:   Dev-Platform (6631380F-2D4D-43E0-8009-CF276956A95A): 0
LogDevObjectVersion:   Dev-Rendering (12F88B9F-8875-4AFC-A67C-D90C383ABD29): 15
LogDevObjectVersion:   Dev-Sequencer (7B5AE74C-D270-4C10-A958-57980B212A5A): 4
LogDevObjectVersion:   Dev-VR (D7296918-1DD6-4BDD-9DE2-64A83CC13884): 0
LogDevObjectVersion:   Dev-LoadTimes (C2A15278-BFE7-4AFE-6C17-90FF531DF755): 1
LogDevObjectVersion:   Private-Geometry (6EACA3D4-40EC-4CC1-B786-8BED09428FC5): 1
LogDevObjectVersion:   Dev-AnimPhys (29E575DD-E0A3-4627-9D10-D276232CDCEA): 3
LogInit: Compiled (64-bit): May 31 2017 02:03:30
LogInit: Compiled with Visual C++: 19.00.24215.01
LogInit: Build Configuration: Development
LogInit: Branch Name: ++UE4+Release-4.16
LogInit: Command line: -EpicPortal 
LogInit: Base directory: C:/Program Files/Epic Games/UE_4.16/Engine/Binaries/Win64/
LogInit: Installed Engine Build: 1
LogInit: Presizing for max 8388607 objects, including 0 objects not considered by GC, pre-allocating 0 bytes for permanent pool.
LogInit: Object subsystem initialized
[2017.06.11-03.46.06:400][  0]LogInit: Selected Device Profile: [Windows]
[2017.06.11-03.46.06:400][  0]LogInit: Applying CVar settings loaded from the selected device profile: [Windows]
[2017.06.11-03.46.06:423][  0]LogInit: Computer: MEMEMACHINE
[2017.06.11-03.46.06:423][  0]LogInit: User: Will
[2017.06.11-03.46.06:423][  0]LogInit: CPU Page size=4096, Cores=4
[2017.06.11-03.46.06:423][  0]LogInit: High frequency timer resolution =3.433935 MHz
[2017.06.11-03.46.06:424][  0]LogMemory: Memory total: Physical=8.0GB (8GB approx)
[2017.06.11-03.46.06:424][  0]LogMemory: Platform Memory Stats for Windows
[2017.06.11-03.46.06:424][  0]LogMemory: Process Physical Memory: 274.77 MB used, 274.77 MB peak
[2017.06.11-03.46.06:424][  0]LogMemory: Process Virtual Memory: 262.97 MB used, 262.97 MB peak
[2017.06.11-03.46.06:424][  0]LogMemory: Physical Memory: 5891.49 MB used,  2267.18 MB free, 8158.67 MB total
[2017.06.11-03.46.06:424][  0]LogMemory: Virtual Memory: 611.31 MB used,  2267.18 MB free, 8388608.00 MB total
[2017.06.11-03.46.06:546][  0]LogInit: Using OS detected language (en-US).
[2017.06.11-03.46.06:546][  0]LogInit: Using OS detected locale (en-US).
[2017.06.11-03.46.06:550][  0]LogTextLocalizationManager: No specific localization for 'en-US' exists, so the 'en' localization will be used.
[2017.06.11-03.46.07:737][  0]LogD3D11RHI: D3D11 adapters:
[2017.06.11-03.46.07:753][  0]LogD3D11RHI:    0. 'AMD Radeon (TM) R9 390 Series' (Feature Level 11_0)
[2017.06.11-03.46.07:753][  0]LogD3D11RHI:       8168/0/3823 MB DedicatedVideo/DedicatedSystem/SharedSystem, Outputs:1, VendorId:0x1002
[2017.06.11-03.46.07:753][  0]LogD3D11RHI: Chosen D3D11 Adapter: 0
[2017.06.11-03.46.07:762][  0]LogD3D11RHI: Creating new Direct3DDevice
[2017.06.11-03.46.07:762][  0]LogD3D11RHI:     GPU DeviceId: 0x67b1 (for the marketing name, search the web for "GPU Device Id")
[2017.06.11-03.46.07:762][  0]LogWindows: EnumDisplayDevices:
[2017.06.11-03.46.07:762][  0]LogWindows:    0. 'AMD Radeon (TM) R9 390 Series' (P:1 D:1)
[2017.06.11-03.46.07:762][  0]LogWindows:    1. 'AMD Radeon (TM) R9 390 Series' (P:0 D:0)
[2017.06.11-03.46.07:763][  0]LogWindows:    2. 'AMD Radeon (TM) R9 390 Series' (P:0 D:0)
[2017.06.11-03.46.07:763][  0]LogWindows:    3. 'AMD Radeon (TM) R9 390 Series' (P:0 D:0)
[2017.06.11-03.46.07:764][  0]LogWindows:    4. 'AMD Radeon (TM) R9 390 Series' (P:0 D:0)
[2017.06.11-03.46.07:764][  0]LogWindows:    5. 'AMD Radeon (TM) R9 390 Series' (P:0 D:0)
[2017.06.11-03.46.07:764][  0]LogWindows:    6. 'RDPDD Chained DD' (P:0 D:0)
[2017.06.11-03.46.07:765][  0]LogWindows:    7. 'RDP Encoder Mirror Driver' (P:0 D:0)
[2017.06.11-03.46.07:765][  0]LogWindows:    8. 'RDP Reflector Display Driver' (P:0 D:0)
[2017.06.11-03.46.07:765][  0]LogWindows: DebugString: GetVideoDriverDetailsInvalid PrimaryIsNotTheChoosenAdapter GetVideoDriverDetailsInvalid PrimaryIsNotTheChoosenAdapter GetVideoDriverDetailsInvalid PrimaryIsNotTheChoosenAdapter FoundDriverCount:6 
[2017.06.11-03.46.07:765][  0]LogD3D11RHI:     Adapter Name: AMD Radeon (TM) R9 390 Series
[2017.06.11-03.46.07:765][  0]LogD3D11RHI:   Driver Version: Crimson ReLive 17.4.4 (internal:22.19.162.4, unified:22.19.162.4)
[2017.06.11-03.46.07:765][  0]LogD3D11RHI:      Driver Date: 4-24-2017
[2017.06.11-03.46.07:765][  0]LogRHI: Texture pool is 1361 MB (70% of 1945 MB)
[2017.06.11-03.46.07:813][  0]LogD3D11RHI: Async texture creation enabled
[2017.06.11-03.46.07:825][  0]LogD3D11RHI: GPU Timing Frequency: 27.000000 (Debug: 2 1)
[2017.06.11-03.46.07:825][  0]LogShaderCompilers: Guid format shader working directory is -9 characters bigger than the processId version (../../../../../../Users/Will/Desktop/Game/Sidescroller/Intermediate/Shaders/WorkingDirectory/7936/).
[2017.06.11-03.46.07:826][  0]LogShaderCompilers: Cleaned the shader compiler working directory 'C:/Users/Will/AppData/Local/Temp/UnrealShaderWorkingDir/BF180A3748B9E6B2092332AB87E363E4/'.
[2017.06.11-03.46.07:826][  0]LogShaderCompilers:Display: Using Local Shader Compiler.
[2017.06.11-03.46.09:417][  0]LogTemp:Display: Loaded TP AllDesktopTargetPlatform
[2017.06.11-03.46.09:513][  0]LogTemp:Display: Loaded TP MacClientTargetPlatform
[2017.06.11-03.46.09:608][  0]LogTemp:Display: Loaded TP MacNoEditorTargetPlatform
[2017.06.11-03.46.09:704][  0]LogTemp:Display: Loaded TP MacServerTargetPlatform
[2017.06.11-03.46.09:799][  0]LogTemp:Display: Loaded TP MacTargetPlatform
[2017.06.11-03.46.09:895][  0]LogTemp:Display: Loaded TP WindowsClientTargetPlatform
[2017.06.11-03.46.09:991][  0]LogTemp:Display: Loaded TP WindowsNoEditorTargetPlatform
[2017.06.11-03.46.10:088][  0]LogTemp:Display: Loaded TP WindowsServerTargetPlatform
[2017.06.11-03.46.10:179][  0]LogTemp:Display: Loaded TP WindowsTargetPlatform
[2017.06.11-03.46.10:273][  0]LogTemp:Display: Loaded TP AndroidTargetPlatform
[2017.06.11-03.46.10:367][  0]LogTemp:Display: Loaded TP Android_ASTCTargetPlatform
[2017.06.11-03.46.10:460][  0]LogTemp:Display: Loaded TP Android_ATCTargetPlatform
[2017.06.11-03.46.10:570][  0]LogTemp:Display: Loaded TP Android_DXTTargetPlatform
[2017.06.11-03.46.10:668][  0]LogTemp:Display: Loaded TP Android_ETC1TargetPlatform
[2017.06.11-03.46.10:787][  0]LogTemp:Display: Loaded TP Android_ETC2TargetPlatform
[2017.06.11-03.46.10:976][  0]LogTemp:Display: Loaded TP Android_MultiTargetPlatform
[2017.06.11-03.46.10:976][  0]LogTemp:Display: Loaded TP Android_PVRTCTargetPlatform
[2017.06.11-03.46.11:052][  0]LogTemp:Display: Loaded TP HTML5TargetPlatform
[2017.06.11-03.46.11:201][  0]LogTemp:Display: Loaded TP IOSTargetPlatform
[2017.06.11-03.46.11:252][  0]LogTemp:Display: Loaded TP TVOSTargetPlatform
[2017.06.11-03.46.11:344][  0]LogTemp:Display: Loaded TP LinuxClientTargetPlatform
[2017.06.11-03.46.11:437][  0]LogTemp:Display: Loaded TP LinuxNoEditorTargetPlatform
[2017.06.11-03.46.11:530][  0]LogTemp:Display: Loaded TP LinuxServerTargetPlatform
[2017.06.11-03.46.11:624][  0]LogTemp:Display: Loaded TP LinuxTargetPlatform
[2017.06.11-03.46.11:624][  0]LogTargetPlatformManager:Display: Building Assets For Windows
[2017.06.11-03.46.12:490][  0]LogDerivedDataCache:Display: Max Cache Size: 512 MB
[2017.06.11-03.46.12:685][  0]LogDerivedDataCache: Loaded boot cache 0.19s 90MB C:/Users/Will/AppData/Local/UnrealEngine/4.16/DerivedDataCache/Boot.ddc.
[2017.06.11-03.46.12:685][  0]LogDerivedDataCache:Display: Loaded Boot cache: C:/Users/Will/AppData/Local/UnrealEngine/4.16/DerivedDataCache/Boot.ddc
[2017.06.11-03.46.12:685][  0]LogDerivedDataCache: FDerivedDataBackendGraph:  Pak pak cache file ../../../../../../Users/Will/Desktop/Game/Sidescroller/DerivedDataCache/DDC.ddp not found, will not use a pak cache.
[2017.06.11-03.46.12:685][  0]LogDerivedDataCache: Unable to find inner node Pak for hierarchical cache Hierarchy.
[2017.06.11-03.46.12:685][  0]LogDerivedDataCache: FDerivedDataBackendGraph:  CompressedPak pak cache file ../../../../../../Users/Will/Desktop/Game/Sidescroller/DerivedDataCache/Compressed.ddp not found, will not use a pak cache.
[2017.06.11-03.46.12:685][  0]LogDerivedDataCache: Unable to find inner node CompressedPak for hierarchical cache Hierarchy.
[2017.06.11-03.46.12:709][  0]LogDerivedDataCache:Display: Pak cache opened for reading ../../../Engine/DerivedDataCache/Compressed.ddp.
[2017.06.11-03.46.12:721][  0]LogDerivedDataCache: Using Local data cache path C:/Users/Will/AppData/Local/UnrealEngine/Common/DerivedDataCache: Writable
[2017.06.11-03.46.12:738][  0]LogMaterial: Verifying Global Shaders for PCD3D_SM5
[2017.06.11-03.46.12:738][  0]LogSlate: Using Freetype 2.6.0
[2017.06.11-03.46.12:739][  0]LogSlate: SlateFontCache - WITH_FREETYPE: 1, WITH_HARFBUZZ: 1
[2017.06.11-03.46.12:739][  0]LogSlate: SlateFontCache - WITH_FREETYPE: 1, WITH_HARFBUZZ: 1
[2017.06.11-03.46.13:312][  0]LogInit: Selected Device Profile: [Windows]
[2017.06.11-03.46.13:317][  0]LogContentStreaming: Texture pool size is 0.00 MB
[2017.06.11-03.46.13:692][  0]LogMeshUtilities: Using QuadricMeshReduction for automatic static mesh reduction
[2017.06.11-03.46.13:776][  0]LogSimplygon: Simplygon DLL not present - disabling.
[2017.06.11-03.46.13:867][  0]LogMeshUtilities: Using SimplygonSwarm for distributed automatic mesh merging
[2017.06.11-03.46.13:867][  0]LogMeshUtilities: No automatic skeletal mesh reduction module available
[2017.06.11-03.46.13:867][  0]LogMeshUtilities: No automatic mesh merging module available
[2017.06.11-03.46.14:705][  0]LogNetVersion: Sidescroller , NetCL: 3452394, EngineNetVer: 2, GameNetVer: 0 (Checksum: 499085359)
[2017.06.11-03.46.14:787][  0]LogAssetRegistry: FAssetRegistry took 0.0274 seconds to start up
[2017.06.11-03.46.14:863][  0]LogPackageLocalizationCache: Processed 4 localized package path(s) for 2 prioritized culture(s) in 0.038334 seconds
[2017.06.11-03.46.14:871][  0]LogUObjectArray: 34194 objects as part of root set at end of initial load.
[2017.06.11-03.46.14:871][  0]LogUObjectAllocator: 7260424 out of 0 bytes used by permanent object pool.
[2017.06.11-03.46.14:871][  0]LogUObjectArray: CloseDisregardForGC: 0/0 objects in disregard for GC pool
[2017.06.11-03.46.14:979][  0]LogInit: WinSock: version 1.1 (2.2), MaxSocks=32767, MaxUdp=65467
[2017.06.11-03.46.18:903][  0]LogTcpMessaging: Initializing TcpMessaging bridge
[2017.06.11-03.46.18:967][  0]LogUdpMessaging: Initializing bridge on interface 0.0.0.0:0 to multicast group 230.0.0.1:6666.
[2017.06.11-03.46.19:881][  0]LogMaterial: Uniform references updated for custom material expression Custom.
[2017.06.11-03.46.20:579][  0]SourceControl: Info Source control is disabled
[2017.06.11-03.46.20:611][  0]SourceControl: Info Source control is disabled
[2017.06.11-03.46.20:704][  0]SourceControl: Info Source control is disabled
[2017.06.11-03.46.20:794][  0]SourceControl: Info Source control is disabled
[2017.06.11-03.46.21:261][  0]LogLinker:Warning: Can't find file '/Game/TopDownBP/TopDownOverview'
[2017.06.11-03.46.21:261][  0]LogLinker:Warning: Can't find file '/Game/TopDownBP/TopDownOverview'
[2017.06.11-03.46.21:261][  0]LogUObjectGlobals:Warning: Failed to find object 'Class /Game/TopDownBP/TopDownOverview.TopDownOverview_C'
[2017.06.11-03.46.22:076][  0]LogAndroidPermission: UAndroidPermissionCallbackProxy::GetInstance
[2017.06.11-03.46.23:162][  0]LogEngine: Initializing Engine...
[2017.06.11-03.46.23:163][  0]LogHMD: Failed to initialize OpenVR with code 110
[2017.06.11-03.46.23:454][  0]LogStats: UGameplayTagsManager::ConstructGameplayTagTree: Construct from data asset -  0.000 s
[2017.06.11-03.46.23:454][  0]LogStats: UGameplayTagsManager::ConstructGameplayTagTree: GameplayTagTreeChangedEvent.Broadcast -  0.000 s
[2017.06.11-03.46.23:700][  0]LogAIModule: Creating AISystem for world Untitled
[2017.06.11-03.46.23:744][  0]LogInit: XAudio2 using 'Speakers (Realtek High Definition Audio)' : 2 channels at 48 kHz using 32 bits per sample (channel mask 0x3)
[2017.06.11-03.46.23:787][  0]LogInit: FAudioDevice initialized.
[2017.06.11-03.46.23:867][  0]LogDerivedDataCache: Saved boot cache 0.08s 90MB C:/Users/Will/AppData/Local/UnrealEngine/4.16/DerivedDataCache/Boot.ddc.
[2017.06.11-03.46.23:888][  0]LogInit: Texture streaming: Enabled
[2017.06.11-03.46.24:049][  0]LogEngineSessionManager: EngineSessionManager initialized
[2017.06.11-03.46.24:477][  0]LogInit: Transaction tracking system initialized
[2017.06.11-03.46.25:070][  0]BlueprintLog: New page: Editor Load
[2017.06.11-03.46.26:833][  0]LocalizationService: Info Localization service is disabled
[2017.06.11-03.46.28:089][  0]LogConsoleResponse:Display: 
[2017.06.11-03.46.28:319][  0]LogCook:Display: Max memory allowance for cook 16384mb min free memory 0mb
[2017.06.11-03.46.28:319][  0]LogCook:Display: Mobile HDR setting 1
[2017.06.11-03.46.29:062][  0]LogFileCache: Scanning file cache for directory 'C:/Users/Will/Desktop/Game/Sidescroller/Content/' took 0.02s
[2017.06.11-03.46.30:232][  0]SourceControl: Info Source control is disabled
[2017.06.11-03.46.30:232][  0]Cmd: MAP LOAD FILE="../../../../../../Users/Will/Desktop/Game/Sidescroller/Content/2DSideScrollerBP/Maps/2DSideScrollerExampleMap.umap" TEMPLATE=0 SHOWPROGRESS=1 FEATURELEVEL=3
[2017.06.11-03.46.30:242][  0]LightingResults: New page: Lighting Build
[2017.06.11-03.46.30:320][  0]MapCheck: New page: Map Check
[2017.06.11-03.46.30:320][  0]LightingResults: New page: Lighting Build
[2017.06.11-03.46.31:362][  0]LogAIModule: Creating AISystem for world 2DSideScrollerExampleMap
[2017.06.11-03.46.31:398][  0]LogEditorServer: Finished looking for orphan Actors (0.000 secs)
[2017.06.11-03.46.31:461][  0]Cmd: MAP CHECKDEP NOCLEARLOG
[2017.06.11-03.46.31:558][  0]MapCheck: Info Map check complete: 0 Error(s), 0 Warning(s), took 97.187ms to complete.
[2017.06.11-03.46.31:558][  0]LogFileHelpers: Loading map '2DSideScrollerExampleMap' took 1.326
[2017.06.11-03.46.32:177][  0]LogCollectionManager: Loaded 0 collections in 0.003329 seconds
[2017.06.11-03.46.32:378][  0]LogFileCache: Scanning file cache for directory 'C:/Users/Will/Desktop/Game/Sidescroller/Saved/Collections/' took 0.01s
[2017.06.11-03.46.32:378][  0]LogFileCache: Scanning file cache for directory 'C:/Users/Will/Desktop/Game/Sidescroller/Content/Developers/Will/Collections/' took 0.01s
[2017.06.11-03.46.32:378][  0]LogFileCache: Scanning file cache for directory 'C:/Users/Will/Desktop/Game/Sidescroller/Content/Collections/' took 0.01s
[2017.06.11-03.46.32:378][  0]LogCollectionManager: Rebuilt the GUID cache for 0 collections in 0.000002 seconds
[2017.06.11-03.46.32:396][  0]LogContentBrowser: Native class hierarchy populated in 0.0157 seconds. Added 2329 classes and 491 folders.
[2017.06.11-03.46.32:558][  0]LogContentBrowser: Native class hierarchy updated for 'WidgetCarousel' in 0.0007 seconds. Added 0 classes and 0 folders.
[2017.06.11-03.46.33:868][  0]LogContentBrowser: Native class hierarchy updated for 'AddContentDialog' in 0.0007 seconds. Added 0 classes and 0 folders.
[2017.06.11-03.46.34:006][  0]LogContentBrowser: Native class hierarchy updated for 'SceneOutliner' in 0.0008 seconds. Added 1 classes and 2 folders.
[2017.06.11-03.46.34:399][  0]LogCrashTracker: Crashtracker disabled due to settings.
[2017.06.11-03.46.34:451][  0]LogSlate: Took 0.000289 seconds to synchronously load lazily loaded font '../../../Engine/Content/Slate/Fonts/Roboto-Regular.ttf' (155K)
[2017.06.11-03.46.34:453][  0]LogSlate: Took 0.000217 seconds to synchronously load lazily loaded font '../../../Engine/Content/Slate/Fonts/Roboto-Bold.ttf' (160K)
[2017.06.11-03.46.34:486][  0]LogSlate: Took 0.011616 seconds to synchronously load lazily loaded font '../../../Engine/Content/Editor/Slate/Fonts/FontAwesome.ttf' (139K)
[2017.06.11-03.46.34:870][  0]LogRenderer: Reallocating scene render targets to support 1208x576 NumSamples 1 (Frame:1).
[2017.06.11-03.46.36:288][  0]LogUObjectGlobals:Warning: Failed to find object 'Class None.'
[2017.06.11-03.46.36:388][  0]LogContentBrowser: Native class hierarchy updated for 'HierarchicalLODOutliner' in 0.0008 seconds. Added 1 classes and 2 folders.
[2017.06.11-03.46.36:389][  0]LogLoad: (Engine Initialization) Total time: 33.02 seconds
[2017.06.11-03.46.36:389][  0]LogLoad: (Engine Initialization) Total Blueprint compile time: 0.15 seconds
[2017.06.11-03.46.36:389][  0]LogExternalProfiler: Found external profiler: VSPerf
[2017.06.11-03.46.36:389][  0]LogExternalProfiler: Using external profiler: VSPerf
[2017.06.11-03.46.36:419][  0]LogOcInput: OculusInput pre-init called
[2017.06.11-03.46.36:419][  0]LogHMD: Starting GearVRController plugin
[2017.06.11-03.46.36:493][  0]LogContentStreaming: Texture pool size now 1000 MB
[2017.06.11-03.46.36:608][  0]LogSlate: Took 0.019246 seconds to synchronously load lazily loaded font '../../../Engine/Content/Slate/Fonts/Roboto-Light.ttf' (159K)
[2017.06.11-03.46.36:756][  2]LogAssetRegistry: Asset discovery search completed in 21.9900 seconds
[2017.06.11-03.46.36:758][  2]LogCollectionManager: Rebuilt the object cache for 0 collections in 0.000001 seconds (found 0 objects)
[2017.06.11-03.46.36:758][  2]LogCollectionManager: Fixed up redirectors for 0 collections in 0.000029 seconds (updated 0 objects)
[2017.06.11-03.47.18:432][954]LogEditorViewport: Clicking on Actor (context menu): PaperSpriteActor (LeftEdge)
[2017.06.11-03.47.19:375][954]LogEditorViewport: Clicking on Actor (LMB): PaperSpriteActor (LeftEdge)
[2017.06.11-03.47.21:068][101]Cmd: DELETE
[2017.06.11-03.47.21:068][101]Cmd: ACTOR DELETE
[2017.06.11-03.47.21:130][101]LogEditorActor: Deleted Actor: PaperSpriteActor
[2017.06.11-03.47.21:197][101]LogEditorActor: Deleted 1 Actors (0.069 secs)
[2017.06.11-03.47.21:986][192]LogEditorViewport: Clicking on Actor (LMB): PaperSpriteActor (RightEdge)
[2017.06.11-03.47.22:555][248]Cmd: DELETE
[2017.06.11-03.47.22:555][248]Cmd: ACTOR DELETE
[2017.06.11-03.47.22:556][248]LogEditorActor: Deleted Actor: PaperSpriteActor
[2017.06.11-03.47.22:575][248]LogEditorActor: Deleted 1 Actors (0.020 secs)
[2017.06.11-03.47.23:353][340]LogEditorViewport: Clicking on Actor (LMB): PaperSpriteActor (Ledge_12)
[2017.06.11-03.49.34:605][ 86]LogEditorViewport: Clicking on Actor (LMB): PaperSpriteActor (Ledge_26)
[2017.06.11-03.49.34:829][104]LogEditorViewport: Clicking on Actor (context menu): PaperSpriteActor (Ledge_26)
[2017.06.11-03.49.35:881][210]LogEditorViewport: Clicking on Actor (LMB): PaperSpriteActor (Background_Sprite)
[2017.06.11-03.49.36:447][268]LogEditorViewport: Clicking on Actor (LMB): PaperSpriteActor (Ledge_26)
[2017.06.11-03.49.37:433][378]Cmd: DELETE
[2017.06.11-03.49.37:433][378]Cmd: ACTOR DELETE
[2017.06.11-03.49.37:434][378]LogEditorActor: Deleted Actor: PaperSpriteActor
[2017.06.11-03.49.37:453][378]LogEditorActor: Deleted 1 Actors (0.020 secs)
[2017.06.11-03.49.38:014][444]LogEditorViewport: Clicking on Actor (LMB): PaperSpriteActor (Ledge_17)
[2017.06.11-03.49.38:135][451]Cmd: DELETE
[2017.06.11-03.49.38:136][451]Cmd: ACTOR DELETE
[2017.06.11-03.49.38:136][451]LogEditorActor: Deleted Actor: PaperSpriteActor
[2017.06.11-03.49.38:155][451]LogEditorActor: Deleted 1 Actors (0.019 secs)
[2017.06.11-03.49.38:382][477]LogEditorViewport: Clicking on Actor (LMB): PaperSpriteActor (Ledge_27)
[2017.06.11-03.49.38:606][496]Cmd: DELETE
[2017.06.11-03.49.38:606][496]Cmd: ACTOR DELETE
[2017.06.11-03.49.38:607][496]LogEditorActor: Deleted Actor: PaperSpriteActor
[2017.06.11-03.49.38:625][496]LogEditorActor: Deleted 1 Actors (0.019 secs)
[2017.06.11-03.49.38:877][525]LogEditorViewport: Clicking on Actor (LMB): PaperSpriteActor (Ledge_25)
[2017.06.11-03.49.39:007][533]Cmd: DELETE
[2017.06.11-03.49.39:007][533]Cmd: ACTOR DELETE
[2017.06.11-03.49.39:008][533]LogEditorActor: Deleted Actor: PaperSpriteActor
[2017.06.11-03.49.39:027][533]LogEditorActor: Deleted 1 Actors (0.019 secs)
[2017.06.11-03.49.39:220][555]LogEditorViewport: Clicking on Actor (LMB): PaperSpriteActor (Ledge_34)
[2017.06.11-03.49.39:373][566]Cmd: DELETE
[2017.06.11-03.49.39:373][566]Cmd: ACTOR DELETE
[2017.06.11-03.49.39:374][566]LogEditorActor: Deleted Actor: PaperSpriteActor
[2017.06.11-03.49.39:393][566]LogEditorActor: Deleted 1 Actors (0.020 secs)
[2017.06.11-03.49.39:754][608]LogEditorViewport: Clicking on Actor (LMB): PaperSpriteActor (Ledge_14)
[2017.06.11-03.49.39:877][615]Cmd: DELETE
[2017.06.11-03.49.39:877][615]Cmd: ACTOR DELETE
[2017.06.11-03.49.39:877][615]LogEditorActor: Deleted Actor: PaperSpriteActor
[2017.06.11-03.49.39:896][615]LogEditorActor: Deleted 1 Actors (0.019 secs)
[2017.06.11-03.49.40:291][661]LogEditorViewport: Clicking on Actor (LMB): PaperSpriteActor (Ledge_29)
[2017.06.11-03.49.40:505][679]Cmd: DELETE
[2017.06.11-03.49.40:505][679]Cmd: ACTOR DELETE
[2017.06.11-03.49.40:506][679]LogEditorActor: Deleted Actor: PaperSpriteActor
[2017.06.11-03.49.40:525][679]LogEditorActor: Deleted 1 Actors (0.020 secs)
[2017.06.11-03.49.40:743][704]LogEditorViewport: Clicking on Actor (LMB): PaperSpriteActor (Ledge_28)
[2017.06.11-03.49.40:918][717]Cmd: DELETE
[2017.06.11-03.49.40:918][717]Cmd: ACTOR DELETE
[2017.06.11-03.49.40:918][717]LogEditorActor: Deleted Actor: PaperSpriteActor
[2017.06.11-03.49.40:937][717]LogEditorActor: Deleted 1 Actors (0.019 secs)
[2017.06.11-03.49.41:164][743]LogEditorViewport: Clicking on Actor (LMB): PaperSpriteActor (Ledge_30)
[2017.06.11-03.49.41:489][774]Cmd: DELETE
[2017.06.11-03.49.41:489][774]Cmd: ACTOR DELETE
[2017.06.11-03.49.41:489][774]LogEditorActor: Deleted Actor: PaperSpriteActor
[2017.06.11-03.49.41:509][774]LogEditorActor: Deleted 1 Actors (0.020 secs)
[2017.06.11-03.49.41:753][802]LogEditorViewport: Clicking on Actor (LMB): PaperSpriteActor (Ledge_31)
[2017.06.11-03.49.41:884][810]Cmd: DELETE
[2017.06.11-03.49.41:884][810]Cmd: ACTOR DELETE
[2017.06.11-03.49.41:885][810]LogEditorActor: Deleted Actor: PaperSpriteActor
[2017.06.11-03.49.41:904][810]LogEditorActor: Deleted 1 Actors (0.020 secs)
[2017.06.11-03.49.42:131][836]LogEditorViewport: Clicking on Actor (LMB): PaperSpriteActor (Ledge_32)
[2017.06.11-03.49.42:242][842]Cmd: DELETE
[2017.06.11-03.49.42:242][842]Cmd: ACTOR DELETE
[2017.06.11-03.49.42:243][842]LogEditorActor: Deleted Actor: PaperSpriteActor
[2017.06.11-03.49.42:262][842]LogEditorActor: Deleted 1 Actors (0.019 secs)
[2017.06.11-03.49.42:480][867]LogEditorViewport: Clicking on Actor (LMB): PaperSpriteActor (Ledge_12)
[2017.06.11-03.49.42:573][871]Cmd: DELETE
[2017.06.11-03.49.42:573][871]Cmd: ACTOR DELETE
[2017.06.11-03.49.42:574][871]LogEditorActor: Deleted Actor: PaperSpriteActor
[2017.06.11-03.49.42:593][871]LogEditorActor: Deleted 1 Actors (0.019 secs)
[2017.06.11-03.49.43:095][930]LogEditorViewport: Clicking on Actor (LMB): PaperSpriteActor (Ledge_13)
[2017.06.11-03.49.43:180][933]Cmd: DELETE
[2017.06.11-03.49.43:180][933]Cmd: ACTOR DELETE
[2017.06.11-03.49.43:181][933]LogEditorActor: Deleted Actor: PaperSpriteActor
[2017.06.11-03.49.43:198][933]LogEditorActor: Deleted 1 Actors (0.017 secs)
[2017.06.11-03.49.47:015][388]LogEditorViewport: Clicking on Actor (double click): PaperSpriteActor (Background_Sprite)
[2017.06.11-03.49.47:446][434]Cmd: DELETE
[2017.06.11-03.49.47:446][434]Cmd: ACTOR DELETE
[2017.06.11-03.49.47:446][434]LogEditorActor: Deleted Actor: PaperSpriteActor
[2017.06.11-03.49.47:463][434]LogEditorActor: Deleted 1 Actors (0.017 secs)
[2017.06.11-03.49.49:718][701]LogTemp: Repeting last play command: Selected Viewport
[2017.06.11-03.49.49:851][701]LogBlueprintUserMessages: Early PlayInEditor Detection: Level '/Game/2DSideScrollerBP/Maps/2DSideScrollerExampleMap.2DSideScrollerExampleMap:PersistentLevel' has LevelScriptBlueprint '/Game/2DSideScrollerBP/Maps/2DSideScrollerExampleMap.2DSideScrollerExampleMap:PersistentLevel.2DSideScrollerExampleMap' with GeneratedClass '/Game/2DSideScrollerBP/Maps/2DSideScrollerExampleMap.2DSideScrollerExampleMap_C' with ClassGeneratedBy '/Game/2DSideScrollerBP/Maps/2DSideScrollerExampleMap.2DSideScrollerExampleMap:PersistentLevel.2DSideScrollerExampleMap'
[2017.06.11-03.49.49:851][701]LogPlayLevel: PlayLevel: No blueprints needed recompiling
[2017.06.11-03.49.49:896][701]PIE: New page: PIE session: 2DSideScrollerExampleMap (Jun 10, 2017, 7:49:49 PM)
[2017.06.11-03.49.49:923][701]LogPlayLevel: Creating play world package: /Game/2DSideScrollerBP/Maps/UEDPIE_0_2DSideScrollerExampleMap
[2017.06.11-03.49.50:001][701]LogPlayLevel: PIE: StaticDuplicateObject took: (0.077657s)
[2017.06.11-03.49.50:002][701]LogAIModule: Creating AISystem for world 2DSideScrollerExampleMap
[2017.06.11-03.49.50:002][701]LogPlayLevel: PIE: World Init took: (0.000930s)
[2017.06.11-03.49.50:002][701]LogPlayLevel: PIE: Created PIE world by copying editor world from /Game/2DSideScrollerBP/Maps/2DSideScrollerExampleMap.2DSideScrollerExampleMap to /Game/2DSideScrollerBP/Maps/UEDPIE_0_2DSideScrollerExampleMap.2DSideScrollerExampleMap (0.106308s)
[2017.06.11-03.49.50:041][701]LogInit: XAudio2 using 'Speakers (Realtek High Definition Audio)' : 2 channels at 48 kHz using 32 bits per sample (channel mask 0x3)
[2017.06.11-03.49.50:059][701]LogInit: FAudioDevice initialized.
[2017.06.11-03.49.50:114][701]LogLoad: Game class is '2DSideScrollerGameMode_C'
[2017.06.11-03.49.50:136][701]LogWorld: Bringing World /Game/2DSideScrollerBP/Maps/UEDPIE_0_2DSideScrollerExampleMap.2DSideScrollerExampleMap up for play (max tick rate 0) at 2017.06.10-23.49.50
[2017.06.11-03.49.50:146][701]LogWorld: Bringing up level for play took: 0.011111
[2017.06.11-03.49.50:325][701]LogContentBrowser: Native class hierarchy updated for 'MovieSceneCapture' in 0.0010 seconds. Added 11 classes and 0 folders.
[2017.06.11-03.49.50:343][701]PIE: Info Play in editor start time for /Game/2DSideScrollerBP/Maps/UEDPIE_0_2DSideScrollerExampleMap 0.931
[2017.06.11-03.49.50:344][701]LogBlueprintUserMessages: Late PlayInEditor Detection: Level '/Game/2DSideScrollerBP/Maps/2DSideScrollerExampleMap.2DSideScrollerExampleMap:PersistentLevel' has LevelScriptBlueprint '/Game/2DSideScrollerBP/Maps/2DSideScrollerExampleMap.2DSideScrollerExampleMap:PersistentLevel.2DSideScrollerExampleMap' with GeneratedClass '/Game/2DSideScrollerBP/Maps/2DSideScrollerExampleMap.2DSideScrollerExampleMap_C' with ClassGeneratedBy '/Game/2DSideScrollerBP/Maps/2DSideScrollerExampleMap.2DSideScrollerExampleMap:PersistentLevel.2DSideScrollerExampleMap'
[2017.06.11-03.49.52:821][990]LogBlueprintUserMessages: Early EndPlayMap Detection: Level '/Game/2DSideScrollerBP/Maps/2DSideScrollerExampleMap.2DSideScrollerExampleMap:PersistentLevel' has LevelScriptBlueprint '/Game/2DSideScrollerBP/Maps/2DSideScrollerExampleMap.2DSideScrollerExampleMap:PersistentLevel.2DSideScrollerExampleMap' with GeneratedClass '/Game/2DSideScrollerBP/Maps/2DSideScrollerExampleMap.2DSideScrollerExampleMap_C' with ClassGeneratedBy '/Game/2DSideScrollerBP/Maps/2DSideScrollerExampleMap.2DSideScrollerExampleMap:PersistentLevel.2DSideScrollerExampleMap'
[2017.06.11-03.49.52:853][990]LogBlueprintUserMessages: Late EndPlayMap Detection: Level '/Game/2DSideScrollerBP/Maps/2DSideScrollerExampleMap.2DSideScrollerExampleMap:PersistentLevel' has LevelScriptBlueprint '/Game/2DSideScrollerBP/Maps/2DSideScrollerExampleMap.2DSideScrollerExampleMap:PersistentLevel.2DSideScrollerExampleMap' with GeneratedClass '/Game/2DSideScrollerBP/Maps/2DSideScrollerExampleMap.2DSideScrollerExampleMap_C' with ClassGeneratedBy '/Game/2DSideScrollerBP/Maps/2DSideScrollerExampleMap.2DSideScrollerExampleMap:PersistentLevel.2DSideScrollerExampleMap'
[2017.06.11-03.50.05:774][519]Cmd: SELECT NONE
[2017.06.11-03.50.35:375][953]LogSlate: Took 0.007916 seconds to synchronously load lazily loaded font '../../../Engine/Content/Editor/Slate/Fonts/Roboto-Italic.ttf' (157K)
[2017.06.11-03.51.06:364][942]LogEditorViewport: Clicking on Actor (LMB): PaperSpriteActor (Background_Sprite)
[2017.06.11-03.51.11:595][539]LogEditorViewport: Clicking on Actor (LMB): 2DSideScrollerCharacter_C (2DSideScrollerCharacter)
[2017.06.11-03.51.12:031][565]LogEditorViewport: Clicking on Actor (LMB): 2DSideScrollerCharacter_C (2DSideScrollerCharacter)
[2017.06.11-03.51.16:032][942]LogEditorViewport: Clicking on Actor (LMB): PaperSpriteActor (Background_Sprite)
[2017.06.11-03.51.47:823][475]LogEditorViewport: Clicking on Actor (LMB): 2DSideScrollerCharacter_C (2DSideScrollerCharacter)
[2017.06.11-03.56.38:086][394]LogEditorViewport: Clicking on Actor (context menu): 2DSideScrollerCharacter_C (2DSideScrollerCharacter)
[2017.06.11-03.56.40:927][627]LogSlate: Took 0.000233 seconds to synchronously load lazily loaded font '../../../Engine/Content/Slate/Fonts/Roboto-Light.ttf' (159K)
[2017.06.11-03.56.42:027][627]LogContentBrowser: Native class hierarchy updated for 'BlueprintGraph' in 0.0015 seconds. Added 112 classes and 0 folders.
[2017.06.11-03.56.43:798][627]LogSlate: Took 0.014765 seconds to synchronously load lazily loaded font '../../../Engine/Content/Editor/Slate/Fonts/Roboto-BoldCondensed.ttf' (158K)
[2017.06.11-03.57.12:458][361]LogTemp: Repeting last play command: Selected Viewport
[2017.06.11-03.57.12:476][361]LogBlueprintUserMessages: Early PlayInEditor Detection: Level '/Game/2DSideScrollerBP/Maps/2DSideScrollerExampleMap.2DSideScrollerExampleMap:PersistentLevel' has LevelScriptBlueprint '/Game/2DSideScrollerBP/Maps/2DSideScrollerExampleMap.2DSideScrollerExampleMap:PersistentLevel.2DSideScrollerExampleMap' with GeneratedClass '/Game/2DSideScrollerBP/Maps/2DSideScrollerExampleMap.2DSideScrollerExampleMap_C' with ClassGeneratedBy '/Game/2DSideScrollerBP/Maps/2DSideScrollerExampleMap.2DSideScrollerExampleMap:PersistentLevel.2DSideScrollerExampleMap'
[2017.06.11-03.57.12:476][361]BlueprintLog: New page: Pre-Play auto-recompile
[2017.06.11-03.57.12:476][361]LogPlayLevel: [PlayLevel] Compiling 2DSideScrollerCharacter before play...
[2017.06.11-03.57.12:714][361]LogPlayLevel: PlayLevel: Blueprint regeneration took 237 ms (1 blueprints)
[2017.06.11-03.57.12:714][361]PIE: New page: PIE session: 2DSideScrollerExampleMap (Jun 10, 2017, 7:57:12 PM)
[2017.06.11-03.57.12:714][361]LogPlayLevel: Creating play world package: /Game/2DSideScrollerBP/Maps/UEDPIE_0_2DSideScrollerExampleMap
[2017.06.11-03.57.12:716][361]LogPlayLevel: PIE: StaticDuplicateObject took: (0.002237s)
[2017.06.11-03.57.12:717][361]LogAIModule: Creating AISystem for world 2DSideScrollerExampleMap
[2017.06.11-03.57.12:717][361]LogPlayLevel: PIE: World Init took: (0.001008s)
[2017.06.11-03.57.12:717][361]LogPlayLevel: PIE: Created PIE world by copying editor world from /Game/2DSideScrollerBP/Maps/2DSideScrollerExampleMap.2DSideScrollerExampleMap to /Game/2DSideScrollerBP/Maps/UEDPIE_0_2DSideScrollerExampleMap.2DSideScrollerExampleMap (0.003435s)
[2017.06.11-03.57.12:791][361]LogInit: XAudio2 using 'Speakers (Realtek High Definition Audio)' : 2 channels at 48 kHz using 32 bits per sample (channel mask 0x3)
[2017.06.11-03.57.12:808][361]LogInit: FAudioDevice initialized.
[2017.06.11-03.57.12:845][361]LogLoad: Game class is '2DSideScrollerGameMode_C'
[2017.06.11-03.57.12:848][361]LogWorld: Bringing World /Game/2DSideScrollerBP/Maps/UEDPIE_0_2DSideScrollerExampleMap.2DSideScrollerExampleMap up for play (max tick rate 0) at 2017.06.10-23.57.12
[2017.06.11-03.57.12:848][361]LogWorld: Bringing up level for play took: 0.001379
[2017.06.11-03.57.12:906][361]PIE: Info Play in editor start time for /Game/2DSideScrollerBP/Maps/UEDPIE_0_2DSideScrollerExampleMap -0.51
[2017.06.11-03.57.12:906][361]LogBlueprintUserMessages: Late PlayInEditor Detection: Level '/Game/2DSideScrollerBP/Maps/2DSideScrollerExampleMap.2DSideScrollerExampleMap:PersistentLevel' has LevelScriptBlueprint '/Game/2DSideScrollerBP/Maps/2DSideScrollerExampleMap.2DSideScrollerExampleMap:PersistentLevel.2DSideScrollerExampleMap' with GeneratedClass '/Game/2DSideScrollerBP/Maps/2DSideScrollerExampleMap.2DSideScrollerExampleMap_C' with ClassGeneratedBy '/Game/2DSideScrollerBP/Maps/2DSideScrollerExampleMap.2DSideScrollerExampleMap:PersistentLevel.2DSideScrollerExampleMap'
[2017.06.11-03.57.38:728][651]LogBlueprintUserMessages: Early EndPlayMap Detection: Level '/Game/2DSideScrollerBP/Maps/2DSideScrollerExampleMap.2DSideScrollerExampleMap:PersistentLevel' has LevelScriptBlueprint '/Game/2DSideScrollerBP/Maps/2DSideScrollerExampleMap.2DSideScrollerExampleMap:PersistentLevel.2DSideScrollerExampleMap' with GeneratedClass '/Game/2DSideScrollerBP/Maps/2DSideScrollerExampleMap.2DSideScrollerExampleMap_C' with ClassGeneratedBy '/Game/2DSideScrollerBP/Maps/2DSideScrollerExampleMap.2DSideScrollerExampleMap:PersistentLevel.2DSideScrollerExampleMap'
[2017.06.11-03.57.38:811][651]LogBlueprintUserMessages: Late EndPlayMap Detection: Level '/Game/2DSideScrollerBP/Maps/2DSideScrollerExampleMap.2DSideScrollerExampleMap:PersistentLevel' has LevelScriptBlueprint '/Game/2DSideScrollerBP/Maps/2DSideScrollerExampleMap.2DSideScrollerExampleMap:PersistentLevel.2DSideScrollerExampleMap' with GeneratedClass '/Game/2DSideScrollerBP/Maps/2DSideScrollerExampleMap.2DSideScrollerExampleMap_C' with ClassGeneratedBy '/Game/2DSideScrollerBP/Maps/2DSideScrollerExampleMap.2DSideScrollerExampleMap:PersistentLevel.2DSideScrollerExampleMap'
[2017.06.11-03.58.53:363][465]LogSlate: Took 0.000500 seconds to synchronously load lazily loaded font '../../../Engine/Content/Slate/Fonts/Roboto-Light.ttf' (159K)
[2017.06.11-03.59.02:585][492]LogSavePackage: Save=157.76ms
[2017.06.11-03.59.02:585][492]LogSavePackage: Moving '../../../../../../Users/Will/Desktop/Game/Sidescroller/Saved/2DSideScrollerExampleMap_Auto1F2EBE02D42A7CAFF1501898D55AF7059.tmp' to '../../../../../../Users/Will/Desktop/Game/Sidescroller/Saved/Autosaves/Game/2DSideScrollerBP/Maps/2DSideScrollerExampleMap_Auto1.umap'
[2017.06.11-03.59.02:649][492]LogSavePackage:Display: Finished SavePackage ../../../../../../Users/Will/Desktop/Game/Sidescroller/Saved/Autosaves/Game/2DSideScrollerBP/Maps/2DSideScrollerExampleMap_Auto1.umap
[2017.06.11-03.59.02:651][492]LogFileHelpers: Editor autosave (incl. sublevels) for '/Game/2DSideScrollerBP/Maps/2DSideScrollerExampleMap' took 0.290
[2017.06.11-03.59.02:651][492]LogFileHelpers: Editor autosave (incl. sublevels) for all levels took 0.290
[2017.06.11-03.59.02:658][492]OBJ SavePackage: Generating thumbnails for [0] asset(s) in package [/Game/2DSideScrollerBP/Blueprints/2DSideScrollerCharacter] ([1] browsable assets)...
[2017.06.11-03.59.02:658][492]OBJ SavePackage: Finished generating thumbnails for package [/Game/2DSideScrollerBP/Blueprints/2DSideScrollerCharacter]
[2017.06.11-03.59.02:743][492]LogSavePackage: Save=80.67ms
[2017.06.11-03.59.02:743][492]LogSavePackage: Moving '../../../../../../Users/Will/Desktop/Game/Sidescroller/Saved/2DSideScrollerCharacter_Auto1A8D5AB784A2B358F52A19E8C6CB0904F.tmp' to '../../../../../../Users/Will/Desktop/Game/Sidescroller/Saved/Autosaves/Game/2DSideScrollerBP/Blueprints/2DSideScrollerCharacter_Auto1.uasset'
[2017.06.11-03.59.02:744][492]LogSavePackage:Display: Finished SavePackage ../../../../../../Users/Will/Desktop/Game/Sidescroller/Saved/Autosaves/Game/2DSideScrollerBP/Blueprints/2DSideScrollerCharacter_Auto1.uasset
[2017.06.11-03.59.02:744][492]LogFileHelpers: Auto-saving content packages took 0.087
[2017.06.11-03.59.53:698][ 86]LogEditorViewport: Clicking on Component (context menu): PaperFlipbookComponent (Sprite0)
[2017.06.11-03.59.57:372][409]LogEditorViewport: Clicking on Component (LMB): PaperFlipbookComponent (Sprite0)
[2017.06.11-03.59.57:956][473]LogEditorViewport: Clicking on Component (LMB): PaperFlipbookComponent (Sprite0)
[2017.06.11-03.59.58:252][504]LogEditorViewport: Clicking on Component (context menu): PaperFlipbookComponent (Sprite0)
[2017.06.11-04.02.32:871][635]LogTemp: Repeting last play command: Selected Viewport
[2017.06.11-04.02.32:886][635]LogBlueprintUserMessages: Early PlayInEditor Detection: Level '/Game/2DSideScrollerBP/Maps/2DSideScrollerExampleMap.2DSideScrollerExampleMap:PersistentLevel' has LevelScriptBlueprint '/Game/2DSideScrollerBP/Maps/2DSideScrollerExampleMap.2DSideScrollerExampleMap:PersistentLevel.2DSideScrollerExampleMap' with GeneratedClass '/Game/2DSideScrollerBP/Maps/2DSideScrollerExampleMap.2DSideScrollerExampleMap_C' with ClassGeneratedBy '/Game/2DSideScrollerBP/Maps/2DSideScrollerExampleMap.2DSideScrollerExampleMap:PersistentLevel.2DSideScrollerExampleMap'
[2017.06.11-04.02.32:886][635]BlueprintLog: New page: Pre-Play auto-recompile
[2017.06.11-04.02.32:886][635]LogPlayLevel: [PlayLevel] Compiling 2DSideScrollerCharacter before play...
[2017.06.11-04.02.33:099][635]LogPlayLevel: PlayLevel: Blueprint regeneration took 213 ms (1 blueprints)
[2017.06.11-04.02.33:099][635]PIE: New page: PIE session: 2DSideScrollerExampleMap (Jun 10, 2017, 8:02:33 PM)
[2017.06.11-04.02.33:099][635]LogPlayLevel: Creating play world package: /Game/2DSideScrollerBP/Maps/UEDPIE_0_2DSideScrollerExampleMap
[2017.06.11-04.02.33:102][635]LogPlayLevel: PIE: StaticDuplicateObject took: (0.002141s)
[2017.06.11-04.02.33:102][635]LogAIModule: Creating AISystem for world 2DSideScrollerExampleMap
[2017.06.11-04.02.33:102][635]LogPlayLevel: PIE: World Init took: (0.000852s)
[2017.06.11-04.02.33:103][635]LogPlayLevel: PIE: Created PIE world by copying editor world from /Game/2DSideScrollerBP/Maps/2DSideScrollerExampleMap.2DSideScrollerExampleMap to /Game/2DSideScrollerBP/Maps/UEDPIE_0_2DSideScrollerExampleMap.2DSideScrollerExampleMap (0.003230s)
[2017.06.11-04.02.33:170][635]LogInit: XAudio2 using 'Speakers (Realtek High Definition Audio)' : 2 channels at 48 kHz using 32 bits per sample (channel mask 0x3)
[2017.06.11-04.02.33:188][635]LogInit: FAudioDevice initialized.
[2017.06.11-04.02.33:220][635]LogLoad: Game class is '2DSideScrollerGameMode_C'
[2017.06.11-04.02.33:223][635]LogWorld: Bringing World /Game/2DSideScrollerBP/Maps/UEDPIE_0_2DSideScrollerExampleMap.2DSideScrollerExampleMap up for play (max tick rate 0) at 2017.06.11-00.02.33
[2017.06.11-04.02.33:224][635]LogWorld: Bringing up level for play took: 0.001374
[2017.06.11-04.02.33:225][635]PIE: Info Play in editor start time for /Game/2DSideScrollerBP/Maps/UEDPIE_0_2DSideScrollerExampleMap -0.196
[2017.06.11-04.02.33:225][635]LogBlueprintUserMessages: Late PlayInEditor Detection: Level '/Game/2DSideScrollerBP/Maps/2DSideScrollerExampleMap.2DSideScrollerExampleMap:PersistentLevel' has LevelScriptBlueprint '/Game/2DSideScrollerBP/Maps/2DSideScrollerExampleMap.2DSideScrollerExampleMap:PersistentLevel.2DSideScrollerExampleMap' with GeneratedClass '/Game/2DSideScrollerBP/Maps/2DSideScrollerExampleMap.2DSideScrollerExampleMap_C' with ClassGeneratedBy '/Game/2DSideScrollerBP/Maps/2DSideScrollerExampleMap.2DSideScrollerExampleMap:PersistentLevel.2DSideScrollerExampleMap'
[2017.06.11-04.02.40:388][493]LogBlueprintUserMessages: Early EndPlayMap Detection: Level '/Game/2DSideScrollerBP/Maps/2DSideScrollerExampleMap.2DSideScrollerExampleMap:PersistentLevel' has LevelScriptBlueprint '/Game/2DSideScrollerBP/Maps/2DSideScrollerExampleMap.2DSideScrollerExampleMap:PersistentLevel.2DSideScrollerExampleMap' with GeneratedClass '/Game/2DSideScrollerBP/Maps/2DSideScrollerExampleMap.2DSideScrollerExampleMap_C' with ClassGeneratedBy '/Game/2DSideScrollerBP/Maps/2DSideScrollerExampleMap.2DSideScrollerExampleMap:PersistentLevel.2DSideScrollerExampleMap'
[2017.06.11-04.02.40:472][493]LogBlueprintUserMessages: Late EndPlayMap Detection: Level '/Game/2DSideScrollerBP/Maps/2DSideScrollerExampleMap.2DSideScrollerExampleMap:PersistentLevel' has LevelScriptBlueprint '/Game/2DSideScrollerBP/Maps/2DSideScrollerExampleMap.2DSideScrollerExampleMap:PersistentLevel.2DSideScrollerExampleMap' with GeneratedClass '/Game/2DSideScrollerBP/Maps/2DSideScrollerExampleMap.2DSideScrollerExampleMap_C' with ClassGeneratedBy '/Game/2DSideScrollerBP/Maps/2DSideScrollerExampleMap.2DSideScrollerExampleMap:PersistentLevel.2DSideScrollerExampleMap'
[2017.06.11-04.02.44:624][867]LogEditorViewport: Clicking on Actor (LMB): PaperSpriteActor (Background_Sprite)
[2017.06.11-04.02.51:191][568]LogTemp: Repeting last play command: Selected Viewport
[2017.06.11-04.02.51:205][568]LogBlueprintUserMessages: Early PlayInEditor Detection: Level '/Game/2DSideScrollerBP/Maps/2DSideScrollerExampleMap.2DSideScrollerExampleMap:PersistentLevel' has LevelScriptBlueprint '/Game/2DSideScrollerBP/Maps/2DSideScrollerExampleMap.2DSideScrollerExampleMap:PersistentLevel.2DSideScrollerExampleMap' with GeneratedClass '/Game/2DSideScrollerBP/Maps/2DSideScrollerExampleMap.2DSideScrollerExampleMap_C' with ClassGeneratedBy '/Game/2DSideScrollerBP/Maps/2DSideScrollerExampleMap.2DSideScrollerExampleMap:PersistentLevel.2DSideScrollerExampleMap'
[2017.06.11-04.02.51:205][568]LogPlayLevel: PlayLevel: No blueprints needed recompiling
[2017.06.11-04.02.51:206][568]PIE: New page: PIE session: 2DSideScrollerExampleMap (Jun 10, 2017, 8:02:51 PM)
[2017.06.11-04.02.51:206][568]LogPlayLevel: Creating play world package: /Game/2DSideScrollerBP/Maps/UEDPIE_0_2DSideScrollerExampleMap
[2017.06.11-04.02.51:208][568]LogPlayLevel: PIE: StaticDuplicateObject took: (0.002250s)
[2017.06.11-04.02.51:209][568]LogAIModule: Creating AISystem for world 2DSideScrollerExampleMap
[2017.06.11-04.02.51:209][568]LogPlayLevel: PIE: World Init took: (0.000818s)
[2017.06.11-04.02.51:209][568]LogPlayLevel: PIE: Created PIE world by copying editor world from /Game/2DSideScrollerBP/Maps/2DSideScrollerExampleMap.2DSideScrollerExampleMap to /Game/2DSideScrollerBP/Maps/UEDPIE_0_2DSideScrollerExampleMap.2DSideScrollerExampleMap (0.003273s)
[2017.06.11-04.02.51:256][568]LogInit: XAudio2 using 'Speakers (Realtek High Definition Audio)' : 2 channels at 48 kHz using 32 bits per sample (channel mask 0x3)
[2017.06.11-04.02.51:272][568]LogInit: FAudioDevice initialized.
[2017.06.11-04.02.51:303][568]LogLoad: Game class is '2DSideScrollerGameMode_C'
[2017.06.11-04.02.51:306][568]LogWorld: Bringing World /Game/2DSideScrollerBP/Maps/UEDPIE_0_2DSideScrollerExampleMap.2DSideScrollerExampleMap up for play (max tick rate 0) at 2017.06.11-00.02.51
[2017.06.11-04.02.51:306][568]LogWorld: Bringing up level for play took: 0.001241
[2017.06.11-04.02.51:307][568]PIE: Info Play in editor start time for /Game/2DSideScrollerBP/Maps/UEDPIE_0_2DSideScrollerExampleMap -0.113
[2017.06.11-04.02.51:308][568]LogBlueprintUserMessages: Late PlayInEditor Detection: Level '/Game/2DSideScrollerBP/Maps/2DSideScrollerExampleMap.2DSideScrollerExampleMap:PersistentLevel' has LevelScriptBlueprint '/Game/2DSideScrollerBP/Maps/2DSideScrollerExampleMap.2DSideScrollerExampleMap:PersistentLevel.2DSideScrollerExampleMap' with GeneratedClass '/Game/2DSideScrollerBP/Maps/2DSideScrollerExampleMap.2DSideScrollerExampleMap_C' with ClassGeneratedBy '/Game/2DSideScrollerBP/Maps/2DSideScrollerExampleMap.2DSideScrollerExampleMap:PersistentLevel.2DSideScrollerExampleMap'
[2017.06.11-04.02.55:785][104]LogBlueprintUserMessages: Early EndPlayMap Detection: Level '/Game/2DSideScrollerBP/Maps/2DSideScrollerExampleMap.2DSideScrollerExampleMap:PersistentLevel' has LevelScriptBlueprint '/Game/2DSideScrollerBP/Maps/2DSideScrollerExampleMap.2DSideScrollerExampleMap:PersistentLevel.2DSideScrollerExampleMap' with GeneratedClass '/Game/2DSideScrollerBP/Maps/2DSideScrollerExampleMap.2DSideScrollerExampleMap_C' with ClassGeneratedBy '/Game/2DSideScrollerBP/Maps/2DSideScrollerExampleMap.2DSideScrollerExampleMap:PersistentLevel.2DSideScrollerExampleMap'
[2017.06.11-04.02.55:836][104]LogBlueprintUserMessages: Late EndPlayMap Detection: Level '/Game/2DSideScrollerBP/Maps/2DSideScrollerExampleMap.2DSideScrollerExampleMap:PersistentLevel' has LevelScriptBlueprint '/Game/2DSideScrollerBP/Maps/2DSideScrollerExampleMap.2DSideScrollerExampleMap:PersistentLevel.2DSideScrollerExampleMap' with GeneratedClass '/Game/2DSideScrollerBP/Maps/2DSideScrollerExampleMap.2DSideScrollerExampleMap_C' with ClassGeneratedBy '/Game/2DSideScrollerBP/Maps/2DSideScrollerExampleMap.2DSideScrollerExampleMap:PersistentLevel.2DSideScrollerExampleMap'
[2017.06.11-04.04.47:933][611]LogEditorTransaction: Undo Delete current selection
[2017.06.11-04.04.48:489][635]LogEditorTransaction: Undo Clicking on Actors
[2017.06.11-04.04.49:032][672]LogEditorTransaction: Undo Clicking on Actors
[2017.06.11-04.04.49:531][707]LogEditorTransaction: Undo Set actor scale
[2017.06.11-04.04.49:967][739]LogEditorTransaction: Undo Set actor scale
[2017.06.11-04.04.51:214][832]LogEditorTransaction: Undo Set actor scale
[2017.06.11-04.04.51:457][850]LogEditorTransaction: Undo Clicking on Actors
[2017.06.11-04.04.51:660][857]LogEditorTransaction: Undo Delete current selection
[2017.06.11-04.04.51:873][864]LogEditorTransaction: Undo Delete current selection
[2017.06.11-04.04.52:538][900]LogEditorTransaction: Undo Create Pin Link
[2017.06.11-04.04.55:036][ 56]LogEditorTransaction: Undo Move Node
[2017.06.11-04.04.57:502][210]LogEditorTransaction: Undo Add Node
[2017.06.11-04.04.58:661][279]LogEditorTransaction: Undo Resize Node
[2017.06.11-04.09.34:757][257]LogScript:Warning: Accessed None trying to read property CallFunc_GetController_ReturnValue
	2DSideScrollerCharacter_C /Engine/Transient.World_4:PersistentLevel.2DSideScrollerCharacter_C_54
	Function /Game/2DSideScrollerBP/Blueprints/2DSideScrollerCharacter.2DSideScrollerCharacter_C:ExecuteUbergraph_2DSideScrollerCharacter:0367
[2017.06.11-04.09.34:773][258]LogScript:Warning: Accessed None trying to read property CallFunc_GetController_ReturnValue
	2DSideScrollerCharacter_C /Engine/Transient.World_4:PersistentLevel.2DSideScrollerCharacter_C_54
	Function /Game/2DSideScrollerBP/Blueprints/2DSideScrollerCharacter.2DSideScrollerCharacter_C:ExecuteUbergraph_2DSideScrollerCharacter:0367
[2017.06.11-04.09.34:790][259]LogScript:Warning: Accessed None trying to read property CallFunc_GetController_ReturnValue
	2DSideScrollerCharacter_C /Engine/Transient.World_4:PersistentLevel.2DSideScrollerCharacter_C_54
	Function /Game/2DSideScrollerBP/Blueprints/2DSideScrollerCharacter.2DSideScrollerCharacter_C:ExecuteUbergraph_2DSideScrollerCharacter:0367
[2017.06.11-04.09.34:806][260]LogScript:Warning: Accessed None trying to read property CallFunc_GetController_ReturnValue
	2DSideScrollerCharacter_C /Engine/Transient.World_4:PersistentLevel.2DSideScrollerCharacter_C_54
	Function /Game/2DSideScrollerBP/Blueprints/2DSideScrollerCharacter.2DSideScrollerCharacter_C:ExecuteUbergraph_2DSideScrollerCharacter:0367
[2017.06.11-04.09.34:822][261]LogScript:Warning: Accessed None trying to read property CallFunc_GetController_ReturnValue
	2DSideScrollerCharacter_C /Engine/Transient.World_4:PersistentLevel.2DSideScrollerCharacter_C_54
	Function /Game/2DSideScrollerBP/Blueprints/2DSideScrollerCharacter.2DSideScrollerCharacter_C:ExecuteUbergraph_2DSideScrollerCharacter:0367
[2017.06.11-04.09.34:839][262]LogScript:Warning: Accessed None trying to read property CallFunc_GetController_ReturnValue
	2DSideScrollerCharacter_C /Engine/Transient.World_4:PersistentLevel.2DSideScrollerCharacter_C_54
	Function /Game/2DSideScrollerBP/Blueprints/2DSideScrollerCharacter.2DSideScrollerCharacter_C:ExecuteUbergraph_2DSideScrollerCharacter:0367
[2017.06.11-04.09.34:855][263]LogScript:Warning: Accessed None trying to read property CallFunc_GetController_ReturnValue
	2DSideScrollerCharacter_C /Engine/Transient.World_4:PersistentLevel.2DSideScrollerCharacter_C_54
	Function /Game/2DSideScrollerBP/Blueprints/2DSideScrollerCharacter.2DSideScrollerCharacter_C:ExecuteUbergraph_2DSideScrollerCharacter:0367
[2017.06.11-04.09.34:871][264]LogScript:Warning: Accessed None trying to read property CallFunc_GetController_ReturnValue
	2DSideScrollerCharacter_C /Engine/Transient.World_4:PersistentLevel.2DSideScrollerCharacter_C_54
	Function /Game/2DSideScrollerBP/Blueprints/2DSideScrollerCharacter.2DSideScrollerCharacter_C:ExecuteUbergraph_2DSideScrollerCharacter:0367
[2017.06.11-04.09.34:887][265]LogScript:Warning: Accessed None trying to read property CallFunc_GetController_ReturnValue
	2DSideScrollerCharacter_C /Engine/Transient.World_4:PersistentLevel.2DSideScrollerCharacter_C_54
	Function /Game/2DSideScrollerBP/Blueprints/2DSideScrollerCharacter.2DSideScrollerCharacter_C:ExecuteUbergraph_2DSideScrollerCharacter:0367
[2017.06.11-04.09.34:902][266]LogScript:Warning: Accessed None trying to read property CallFunc_GetController_ReturnValue
	2DSideScrollerCharacter_C /Engine/Transient.World_4:PersistentLevel.2DSideScrollerCharacter_C_54
	Function /Game/2DSideScrollerBP/Blueprints/2DSideScrollerCharacter.2DSideScrollerCharacter_C:ExecuteUbergraph_2DSideScrollerCharacter:0367
[2017.06.11-04.09.34:918][267]LogScript:Warning: Accessed None trying to read property CallFunc_GetController_ReturnValue
	2DSideScrollerCharacter_C /Engine/Transient.World_4:PersistentLevel.2DSideScrollerCharacter_C_54
	Function /Game/2DSideScrollerBP/Blueprints/2DSideScrollerCharacter.2DSideScrollerCharacter_C:ExecuteUbergraph_2DSideScrollerCharacter:0367
[2017.06.11-04.09.34:934][268]LogScript:Warning: Accessed None trying to read property CallFunc_GetController_ReturnValue
	2DSideScrollerCharacter_C /Engine/Transient.World_4:PersistentLevel.2DSideScrollerCharacter_C_54
	Function /Game/2DSideScrollerBP/Blueprints/2DSideScrollerCharacter.2DSideScrollerCharacter_C:ExecuteUbergraph_2DSideScrollerCharacter:0367
[2017.06.11-04.09.34:950][269]LogScript:Warning: Accessed None trying to read property CallFunc_GetController_ReturnValue
	2DSideScrollerCharacter_C /Engine/Transient.World_4:PersistentLevel.2DSideScrollerCharacter_C_54
	Function /Game/2DSideScrollerBP/Blueprints/2DSideScrollerCharacter.2DSideScrollerCharacter_C:ExecuteUbergraph_2DSideScrollerCharacter:0367
[2017.06.11-04.09.34:966][270]LogScript:Warning: Accessed None trying to read property CallFunc_GetController_ReturnValue
	2DSideScrollerCharacter_C /Engine/Transient.World_4:PersistentLevel.2DSideScrollerCharacter_C_54
	Function /Game/2DSideScrollerBP/Blueprints/2DSideScrollerCharacter.2DSideScrollerCharacter_C:ExecuteUbergraph_2DSideScrollerCharacter:0367
[2017.06.11-04.09.34:982][271]LogScript:Warning: Accessed None trying to read property CallFunc_GetController_ReturnValue
	2DSideScrollerCharacter_C /Engine/Transient.World_4:PersistentLevel.2DSideScrollerCharacter_C_54
	Function /Game/2DSideScrollerBP/Blueprints/2DSideScrollerCharacter.2DSideScrollerCharacter_C:ExecuteUbergraph_2DSideScrollerCharacter:0367
[2017.06.11-04.09.34:999][272]LogScript:Warning: Accessed None trying to read property CallFunc_GetController_ReturnValue
	2DSideScrollerCharacter_C /Engine/Transient.World_4:PersistentLevel.2DSideScrollerCharacter_C_54
	Function /Game/2DSideScrollerBP/Blueprints/2DSideScrollerCharacter.2DSideScrollerCharacter_C:ExecuteUbergraph_2DSideScrollerCharacter:0367
[2017.06.11-04.09.35:015][273]LogScript:Warning: Accessed None trying to read property CallFunc_GetController_ReturnValue
	2DSideScrollerCharacter_C /Engine/Transient.World_4:PersistentLevel.2DSideScrollerCharacter_C_54
	Function /Game/2DSideScrollerBP/Blueprints/2DSideScrollerCharacter.2DSideScrollerCharacter_C:ExecuteUbergraph_2DSideScrollerCharacter:0367
[2017.06.11-04.10.02:312][617]LogEditorTransaction: Undo Spawn Play From Here Start
[2017.06.11-04.10.06:155][823]BlueprintLog: New page: Compile 2DSideScrollerCharacter
[2017.06.11-04.10.52:744][ 82]LogSavePackage: Save=150.51ms
[2017.06.11-04.10.52:744][ 82]LogSavePackage: Moving '../../../../../../Users/Will/Desktop/Game/Sidescroller/Saved/2DSideScrollerExampleMap_Auto2E79D60724F38BECA90836289ACB5BCE2.tmp' to '../../../../../../Users/Will/Desktop/Game/Sidescroller/Saved/Autosaves/Game/2DSideScrollerBP/Maps/2DSideScrollerExampleMap_Auto2.umap'
[2017.06.11-04.10.52:745][ 82]LogSavePackage:Display: Finished SavePackage ../../../../../../Users/Will/Desktop/Game/Sidescroller/Saved/Autosaves/Game/2DSideScrollerBP/Maps/2DSideScrollerExampleMap_Auto2.umap
[2017.06.11-04.10.52:747][ 82]LogFileHelpers: Editor autosave (incl. sublevels) for '/Game/2DSideScrollerBP/Maps/2DSideScrollerExampleMap' took 0.188
[2017.06.11-04.10.52:747][ 82]LogFileHelpers: Editor autosave (incl. sublevels) for all levels took 0.188
[2017.06.11-04.10.52:749][ 82]OBJ SavePackage: Generating thumbnails for [0] asset(s) in package [/Game/2DSideScrollerBP/Blueprints/2DSideScrollerCharacter] ([1] browsable assets)...
[2017.06.11-04.10.52:749][ 82]OBJ SavePackage: Finished generating thumbnails for package [/Game/2DSideScrollerBP/Blueprints/2DSideScrollerCharacter]
[2017.06.11-04.10.52:839][ 82]LogSavePackage: Save=85.08ms
[2017.06.11-04.10.52:839][ 82]LogSavePackage: Moving '../../../../../../Users/Will/Desktop/Game/Sidescroller/Saved/2DSideScrollerCharacter_Auto253C0E2FB421698F51A532AA64915B656.tmp' to '../../../../../../Users/Will/Desktop/Game/Sidescroller/Saved/Autosaves/Game/2DSideScrollerBP/Blueprints/2DSideScrollerCharacter_Auto2.uasset'
[2017.06.11-04.10.52:840][ 82]LogSavePackage:Display: Finished SavePackage ../../../../../../Users/Will/Desktop/Game/Sidescroller/Saved/Autosaves/Game/2DSideScrollerBP/Blueprints/2DSideScrollerCharacter_Auto2.uasset
[2017.06.11-04.10.52:840][ 82]LogFileHelpers: Auto-saving content packages took 0.092
[2017.06.11-04.12.16:519][489]LogVSAccessor: Couldn't get item operations. Visual Studio may still be initializing.
[2017.06.11-04.12.16:541][490]LogVSAccessor:Warning: Visual Studio is open but could not be queried - it may be blocked by a modal operation
[2017.06.11-04.15.09:190][752]LogSavePackage: Save=83.26ms
[2017.06.11-04.15.09:190][752]LogSavePackage: Moving '../../../../../../Users/Will/Desktop/Game/Sidescroller/Saved/2DSideScrollerCharacterBC32F576462F70CD5C60378441D0B668.tmp' to '../../../../../../Users/Will/Desktop/Game/Sidescroller/Content/2DSideScrollerBP/Blueprints/2DSideScrollerCharacter.uasset'
[2017.06.11-04.15.09:206][752]LogSavePackage:Display: Finished SavePackage ../../../../../../Users/Will/Desktop/Game/Sidescroller/Content/2DSideScrollerBP/Blueprints/2DSideScrollerCharacter.uasset
[2017.06.11-04.15.09:502][752]LogSavePackage: Save=148.33ms
[2017.06.11-04.15.09:502][752]LogSavePackage: Moving '../../../../../../Users/Will/Desktop/Game/Sidescroller/Saved/2DSideScrollerExampleMapCE5884C7437C5E4DDD2DB2A72CF5DC48.tmp' to '../../../../../../Users/Will/Desktop/Game/Sidescroller/Content/2DSideScrollerBP/Maps/2DSideScrollerExampleMap.umap'
[2017.06.11-04.15.09:514][752]LogSavePackage:Display: Finished SavePackage ../../../../../../Users/Will/Desktop/Game/Sidescroller/Content/2DSideScrollerBP/Maps/2DSideScrollerExampleMap.umap
[2017.06.11-04.15.09:546][752]LogFileHelpers: Saving map '2DSideScrollerExampleMap' took 0.334
[2017.06.11-04.15.09:885][753]Cmd: QUIT_EDITOR
[2017.06.11-04.15.09:939][753]LogExit: Preparing to exit.
[2017.06.11-04.15.10:223][753]LogDirectoryWatcher: A directory notification failed for 'C:/Users/Will/Desktop/Game/Sidescroller/Content/', and we were unable to create a new request.
[2017.06.11-04.15.10:266][753]LogExit: Editor shut down
[2017.06.11-04.15.10:280][753]LogExit: Transaction tracking system shut down
[2017.06.11-04.15.10:421][753]LogObj: Freed 0b from 0 cluster array pools.
[2017.06.11-04.15.10:421][753]LogExit: Object subsystem successfully closed.
[2017.06.11-04.15.10:440][753]LogD3D11RHI: Shutdown
[2017.06.11-04.15.10:440][753]LogD3D11RHI: CleanupD3DDevice
[2017.06.11-04.15.10:540][753]LogD3D11RHI: ~FD3D11DynamicRHI
[2017.06.11-04.15.10:602][753]LogModuleManager: Shutting down and abandoning module BlueprintGraph (530)
[2017.06.11-04.15.10:602][753]LogModuleManager: Shutting down and abandoning module BlueprintProfiler (528)
[2017.06.11-04.15.10:618][753]LogModuleManager: Shutting down and abandoning module MovieSceneCapture (526)
[2017.06.11-04.15.10:632][753]LogModuleManager: Shutting down and abandoning module HierarchicalLODOutliner (524)
[2017.06.11-04.15.10:632][753]LogModuleManager: Shutting down and abandoning module CrashTracker (522)
[2017.06.11-04.15.10:632][753]LogModuleManager: Shutting down and abandoning module SceneOutliner (520)
[2017.06.11-04.15.10:632][753]LogModuleManager: Shutting down and abandoning module AddContentDialog (518)
[2017.06.11-04.15.10:632][753]LogDirectoryWatcher: A directory notification for 'C:/Program Files/Epic Games/UE_4.16/FeaturePacks/' was aborted.
[2017.06.11-04.15.10:633][753]LogModuleManager: Shutting down and abandoning module WidgetCarousel (517)
[2017.06.11-04.15.10:633][753]LogModuleManager: Shutting down and abandoning module EditorWidgets (514)
[2017.06.11-04.15.10:633][753]LogModuleManager: Shutting down and abandoning module CollectionManager (512)
[2017.06.11-04.15.10:633][753]LogDirectoryWatcher: A directory notification for 'C:/Users/Will/Desktop/Game/Sidescroller/Content/Collections/' was aborted.
[2017.06.11-04.15.10:633][753]LogDirectoryWatcher: A directory notification for 'C:/Users/Will/Desktop/Game/Sidescroller/Content/Developers/Will/Collections/' was aborted.
[2017.06.11-04.15.10:633][753]LogDirectoryWatcher: A directory notification for 'C:/Users/Will/Desktop/Game/Sidescroller/Saved/Collections/' was aborted.
[2017.06.11-04.15.10:634][753]LogModuleManager: Shutting down and abandoning module StatsViewer (510)
[2017.06.11-04.15.10:634][753]LogModuleManager: Shutting down and abandoning module FoliageEdit (508)
[2017.06.11-04.15.10:634][753]LogModuleManager: Shutting down and abandoning module LandscapeEditor (506)
[2017.06.11-04.15.10:634][753]LogModuleManager: Shutting down and abandoning module MeshPaintMode (504)
[2017.06.11-04.15.10:634][753]LogModuleManager: Shutting down and abandoning module SceneDepthPickerMode (502)
[2017.06.11-04.15.10:634][753]LogModuleManager: Shutting down and abandoning module ActorPickerMode (500)
[2017.06.11-04.15.10:634][753]LogModuleManager: Shutting down and abandoning module GeometryMode (498)
[2017.06.11-04.15.10:634][753]LogModuleManager: Shutting down and abandoning module TextureAlignMode (496)
[2017.06.11-04.15.10:634][753]LogModuleManager: Shutting down and abandoning module BspMode (494)
[2017.06.11-04.15.10:634][753]LogModuleManager: Shutting down and abandoning module HardwareSurvey (492)
[2017.06.11-04.15.10:634][753]LogModuleManager: Shutting down and abandoning module SequenceRecorderSections (490)
[2017.06.11-04.15.10:634][753]LogModuleManager: Shutting down and abandoning module AutomationWorker (488)
[2017.06.11-04.15.10:634][753]LogModuleManager: Shutting down and abandoning module MatineeToLevelSequence (486)
[2017.06.11-04.15.10:634][753]LogModuleManager: Shutting down and abandoning module LevelSequenceEditor (484)
[2017.06.11-04.15.10:634][753]LogModuleManager: Shutting down and abandoning module PlacementMode (483)
[2017.06.11-04.15.10:634][753]LogModuleManager: Shutting down and abandoning module WmfMediaFactory (480)
[2017.06.11-04.15.10:634][753]LogModuleManager: Shutting down and abandoning module WmfMediaEditor (478)
[2017.06.11-04.15.10:634][753]LogModuleManager: Shutting down and abandoning module AvfMediaFactory (476)
[2017.06.11-04.15.10:634][753]LogModuleManager: Shutting down and abandoning module AvfMediaEditor (474)
[2017.06.11-04.15.10:634][753]LogModuleManager: Shutting down and abandoning module AndroidMediaFactory (472)
[2017.06.11-04.15.10:634][753]LogModuleManager: Shutting down and abandoning module Media (471)
[2017.06.11-04.15.10:634][753]LogModuleManager: Shutting down and abandoning module AndroidMediaEditor (468)
[2017.06.11-04.15.10:634][753]LogModuleManager: Shutting down and abandoning module CharacterAI (466)
[2017.06.11-04.15.10:634][753]LogModuleManager: Shutting down and abandoning module AudioCapture (464)
[2017.06.11-04.15.10:634][753]LogModuleManager: Shutting down and abandoning module SequenceRecorder (463)
[2017.06.11-04.15.10:634][753]LogModuleManager: Shutting down and abandoning module SmartSnapping (460)
[2017.06.11-04.15.10:634][753]LogModuleManager: Shutting down and abandoning module SessionServices (458)
[2017.06.11-04.15.10:634][753]LogModuleManager: Shutting down and abandoning module ViewportSnapping (456)
[2017.06.11-04.15.10:634][753]LogModuleManager: Shutting down and abandoning module ViewportInteraction (454)
[2017.06.11-04.15.10:634][753]LogModuleManager: Shutting down and abandoning module ClothPainter (452)
[2017.06.11-04.15.10:634][753]LogModuleManager: Shutting down and abandoning module LogVisualizer (450)
[2017.06.11-04.15.10:634][753]LogModuleManager: Shutting down and abandoning module IntroTutorials (448)
[2017.06.11-04.15.10:634][753]LogModuleManager: Shutting down and abandoning module GameProjectGeneration (447)
[2017.06.11-04.15.10:634][753]LogModuleManager: Shutting down and abandoning module EditorLiveStreaming (444)
[2017.06.11-04.15.10:634][753]LogModuleManager: Shutting down and abandoning module IOSPlatformEditor (442)
[2017.06.11-04.15.10:634][753]LogModuleManager: Shutting down and abandoning module HTML5PlatformEditor (440)
[2017.06.11-04.15.10:634][753]LogModuleManager: Shutting down and abandoning module AndroidPlatformEditor (438)
[2017.06.11-04.15.10:634][753]LogModuleManager: Shutting down and abandoning module AndroidDeviceDetection (437)
[2017.06.11-04.15.11:547][753]LogModuleManager: Shutting down and abandoning module IOSRuntimeSettings (434)
[2017.06.11-04.15.11:547][753]LogModuleManager: Shutting down and abandoning module AndroidRuntimeSettings (432)
[2017.06.11-04.15.11:547][753]LogModuleManager: Shutting down and abandoning module InputBindingEditor (430)
[2017.06.11-04.15.11:547][753]LogModuleManager: Shutting down and abandoning module MergeActors (428)
[2017.06.11-04.15.11:547][753]LogModuleManager: Shutting down and abandoning module SizeMap (426)
[2017.06.11-04.15.11:547][753]LogModuleManager: Shutting down and abandoning module TreeMap (424)
[2017.06.11-04.15.11:548][753]LogModuleManager: Shutting down and abandoning module ReferenceViewer (422)
[2017.06.11-04.15.11:548][753]LogModuleManager: Shutting down and abandoning module LocalizationDashboard (420)
[2017.06.11-04.15.11:548][753]LogModuleManager: Shutting down and abandoning module LocalizationService (419)
[2017.06.11-04.15.11:548][753]LogModuleManager: Shutting down and abandoning module HardwareTargeting (416)
[2017.06.11-04.15.11:548][753]LogModuleManager: Shutting down and abandoning module DeviceProfileEditor (414)
[2017.06.11-04.15.11:548][753]LogModuleManager: Shutting down and abandoning module UndoHistory (412)
[2017.06.11-04.15.11:548][753]LogModuleManager: Shutting down and abandoning module UserFeedback (410)
[2017.06.11-04.15.11:548][753]LogModuleManager: Shutting down and abandoning module XmlParser (408)
[2017.06.11-04.15.11:548][753]LogModuleManager: Shutting down and abandoning module Blutility (406)
[2017.06.11-04.15.11:548][753]LogModuleManager: Shutting down and abandoning module ProjectSettingsViewer (404)
[2017.06.11-04.15.11:548][753]LogModuleManager: Shutting down and abandoning module ProjectTargetPlatformEditor (403)
[2017.06.11-04.15.11:548][753]LogModuleManager: Shutting down and abandoning module EditorSettingsViewer (400)
[2017.06.11-04.15.11:548][753]LogModuleManager: Shutting down and abandoning module SettingsEditor (398)
[2017.06.11-04.15.11:548][753]LogModuleManager: Shutting down and abandoning module ProjectLauncher (396)
[2017.06.11-04.15.11:548][753]LogModuleManager: Shutting down and abandoning module SessionFrontend (394)
[2017.06.11-04.15.11:548][753]LogModuleManager: Shutting down and abandoning module ProfilerClient (392)
[2017.06.11-04.15.11:548][753]LogModuleManager: Shutting down and abandoning module DeviceManager (390)
[2017.06.11-04.15.11:548][753]LogModuleManager: Shutting down and abandoning module TargetDeviceServices (389)
[2017.06.11-04.15.11:588][753]LogModuleManager: Shutting down and abandoning module AutomationController (386)
[2017.06.11-04.15.11:588][753]LogModuleManager: Shutting down and abandoning module AutomationWindow (384)
[2017.06.11-04.15.11:588][753]LogModuleManager: Shutting down and abandoning module Layers (382)
[2017.06.11-04.15.11:588][753]LogModuleManager: Shutting down and abandoning module ComponentVisualizers (380)
[2017.06.11-04.15.11:588][753]LogModuleManager: Shutting down and abandoning module DetailCustomizations (378)
[2017.06.11-04.15.11:588][753]LogModuleManager: Shutting down and abandoning module PackagesDialog (376)
[2017.06.11-04.15.11:588][753]LogModuleManager: Shutting down and abandoning module Persona (374)
[2017.06.11-04.15.11:588][753]LogModuleManager: Shutting down and abandoning module AdvancedPreviewScene (373)
[2017.06.11-04.15.11:588][753]LogModuleManager: Shutting down and abandoning module AnimGraph (371)
[2017.06.11-04.15.11:588][753]LogModuleManager: Shutting down and abandoning module Kismet (368)
[2017.06.11-04.15.11:598][753]LogModuleManager: Shutting down and abandoning module ClassViewer (366)
[2017.06.11-04.15.11:598][753]LogModuleManager: Shutting down and abandoning module Toolbox (364)
[2017.06.11-04.15.11:598][753]LogModuleManager: Shutting down and abandoning module ModuleUI (362)
[2017.06.11-04.15.11:598][753]LogModuleManager: Shutting down and abandoning module MovieSceneTools (360)
[2017.06.11-04.15.11:598][753]LogModuleManager: Shutting down and abandoning module OutputLog (358)
[2017.06.11-04.15.11:598][753]LogModuleManager: Shutting down and abandoning module GammaUI (356)
[2017.06.11-04.15.11:598][753]LogModuleManager: Shutting down and abandoning module Documentation (354)
[2017.06.11-04.15.11:598][753]LogModuleManager: Shutting down and abandoning module MovieSceneTracks (352)
[2017.06.11-04.15.11:598][753]LogModuleManager: Shutting down and abandoning module MovieScene (350)
[2017.06.11-04.15.11:598][753]LogModuleManager: Shutting down and abandoning module Niagara (348)
[2017.06.11-04.15.11:598][753]LogModuleManager: Shutting down and abandoning module NiagaraEditor (347)
[2017.06.11-04.15.11:598][753]LogModuleManager: Shutting down and abandoning module StreamingPauseRendering (344)
[2017.06.11-04.15.11:598][753]LogModuleManager: Shutting down and abandoning module AnalyticsET (342)
[2017.06.11-04.15.11:598][753]LogModuleManager: Shutting down and abandoning module PortalServices (340)
[2017.06.11-04.15.11:598][753]LogModuleManager: Shutting down and abandoning module PortalRpc (338)
[2017.06.11-04.15.11:598][753]LogModuleManager: Shutting down and abandoning module MessagingRpc (336)
[2017.06.11-04.15.11:598][753]LogModuleManager: Shutting down and abandoning module AIModule (334)
[2017.06.11-04.15.11:598][753]LogModuleManager: Shutting down and abandoning module GameplayDebugger (333)
[2017.06.11-04.15.11:598][753]LogModuleManager: Shutting down and abandoning module AITestSuite (331)
[2017.06.11-04.15.11:598][753]LogModuleManager: Shutting down and abandoning module ProfilerService (328)
[2017.06.11-04.15.11:734][753]LogModuleManager: Shutting down and abandoning module TaskGraph (326)
[2017.06.11-04.15.11:734][753]LogModuleManager: Shutting down and abandoning module SteamVRController (324)
[2017.06.11-04.15.11:734][753]LogModuleManager: Shutting down and abandoning module SteamVR (322)
[2017.06.11-04.15.11:734][753]LogModuleManager: Shutting down and abandoning module ProceduralMeshComponentEditor (320)
[2017.06.11-04.15.11:735][753]LogModuleManager: Shutting down and abandoning module ProceduralMeshComponent (318)
[2017.06.11-04.15.11:735][753]LogModuleManager: Shutting down and abandoning module OculusLibrary (316)
[2017.06.11-04.15.11:735][753]LogModuleManager: Shutting down and abandoning module OculusInput (314)
[2017.06.11-04.15.11:735][753]LogModuleManager: Shutting down and abandoning module MobilePatchingUtils (312)
[2017.06.11-04.15.11:735][753]LogModuleManager: Shutting down and abandoning module CustomMeshComponent (310)
[2017.06.11-04.15.11:735][753]LogModuleManager: Shutting down and abandoning module CableComponent (308)
[2017.06.11-04.15.11:735][753]LogModuleManager: Shutting down and abandoning module ArchVisCharacter (306)
[2017.06.11-04.15.11:735][753]LogModuleManager: Shutting down and abandoning module AndroidPermission (304)
[2017.06.11-04.15.11:735][753]LogModuleManager: Shutting down and abandoning module MediaPlayerEditor (300)
[2017.06.11-04.15.11:735][753]LogModuleManager: Shutting down and abandoning module HTML5Networking (298)
[2017.06.11-04.15.11:735][753]LogModuleManager: Shutting down and abandoning module AlembicImporter (296)
[2017.06.11-04.15.11:735][753]LogModuleManager: Shutting down and abandoning module AlembicLibrary (295)
[2017.06.11-04.15.11:735][753]LogModuleManager: Shutting down and abandoning module GeometryCache (294)
[2017.06.11-04.15.11:735][753]LogModuleManager: Shutting down and abandoning module GeometryCacheEd (293)
[2017.06.11-04.15.11:735][753]LogModuleManager: Shutting down and abandoning module SuperSearchEditor (288)
[2017.06.11-04.15.11:735][753]LogModuleManager: Shutting down and abandoning module SuperSearch (287)
[2017.06.11-04.15.11:735][753]LogModuleManager: Shutting down and abandoning module SpeedTreeImporter (284)
[2017.06.11-04.15.11:735][753]LogModuleManager: Shutting down and abandoning module PluginBrowser (282)
[2017.06.11-04.15.11:735][753]LogModuleManager: Shutting down and abandoning module MobileLauncherProfileWizard (280)
[2017.06.11-04.15.11:735][753]LogModuleManager: Shutting down and abandoning module VisualStudioSourceCodeAccess (278)
[2017.06.11-04.15.11:735][753]LogModuleManager: Shutting down and abandoning module DesktopPlatform (277)
[2017.06.11-04.15.11:735][753]LogModuleManager: Shutting down and abandoning module UObjectPlugin (274)
[2017.06.11-04.15.11:735][753]LogModuleManager: Shutting down and abandoning module SubversionSourceControl (272)
[2017.06.11-04.15.11:735][753]LogModuleManager: Shutting down and abandoning module PerforceSourceControl (270)
[2017.06.11-04.15.11:735][753]LogModuleManager: Shutting down and abandoning module GitSourceControl (268)
[2017.06.11-04.15.11:735][753]LogModuleManager: Shutting down and abandoning module SourceControl (267)
[2017.06.11-04.15.11:735][753]LogModuleManager: Shutting down and abandoning module LightPropagationVolumeEditor (264)
[2017.06.11-04.15.11:735][753]LogModuleManager: Shutting down and abandoning module PaperTiledImporter (262)
[2017.06.11-04.15.11:735][753]LogModuleManager: Shutting down and abandoning module PaperSpriteSheetImporter (260)
[2017.06.11-04.15.11:735][753]LogModuleManager: Shutting down and abandoning module Paper2DEditor (258)
[2017.06.11-04.15.11:735][753]LogModuleManager: Shutting down and abandoning module MeshPaint (257)
[2017.06.11-04.15.11:735][753]LogModuleManager: Shutting down and abandoning module LevelEditor (255)
[2017.06.11-04.15.11:735][753]LogModuleManager: Shutting down and abandoning module PixelInspectorModule (254)
[2017.06.11-04.15.11:735][753]LogModuleManager: Shutting down and abandoning module MainFrame (252)
[2017.06.11-04.15.11:736][753]LogModuleManager: Shutting down and abandoning module HotReload (251)
[2017.06.11-04.15.11:736][753]LogModuleManager: Shutting down and abandoning module PhysXVehiclesEditor (246)
[2017.06.11-04.15.11:736][753]LogModuleManager: Shutting down and abandoning module PhysXVehicles (244)
[2017.06.11-04.15.11:736][753]LogModuleManager: Shutting down and abandoning module LocationServicesBPLibrary (242)
[2017.06.11-04.15.11:736][753]LogModuleManager: Shutting down and abandoning module ImmediatePhysicsEditor (240)
[2017.06.11-04.15.11:736][753]LogModuleManager: Shutting down and abandoning module ImmediatePhysics (238)
[2017.06.11-04.15.11:736][753]LogModuleManager: Shutting down and abandoning module UdpMessaging (236)
[2017.06.11-04.15.11:836][753]LogModuleManager: Shutting down and abandoning module TcpMessaging (234)
[2017.06.11-04.15.11:936][753]LogModuleManager: Shutting down and abandoning module GameplayTagsEditor (232)
[2017.06.11-04.15.11:936][753]LogModuleManager: Shutting down and abandoning module FacialAnimationEditor (230)
[2017.06.11-04.15.11:936][753]LogModuleManager: Shutting down and abandoning module FacialAnimation (228)
[2017.06.11-04.15.11:936][753]LogModuleManager: Shutting down and abandoning module AssetManagerEditor (226)
[2017.06.11-04.15.11:936][753]LogModuleManager: Shutting down and abandoning module GraphEditor (225)
[2017.06.11-04.15.11:936][753]LogModuleManager: Shutting down and abandoning module ContentBrowser (223)
[2017.06.11-04.15.11:937][753]LogModuleManager: Shutting down and abandoning module LightPropagationVolumeRuntime (220)
[2017.06.11-04.15.11:937][753]LogModuleManager: Shutting down and abandoning module Paper2D (218)
[2017.06.11-04.15.11:937][753]LogModuleManager: Shutting down and abandoning module WindowsMoviePlayer (216)
[2017.06.11-04.15.11:937][753]LogModuleManager: Shutting down and abandoning module WmfMedia (214)
[2017.06.11-04.15.11:938][753]LogModuleManager: Shutting down and abandoning module ClothingSystemEditor (212)
[2017.06.11-04.15.11:938][753]LogModuleManager: Shutting down and abandoning module ClothingSystemRuntime (210)
[2017.06.11-04.15.11:938][753]LogModuleManager: Shutting down and abandoning module MediaAssets (208)
[2017.06.11-04.15.11:938][753]LogModuleManager: Shutting down and abandoning module GameLiveStreaming (206)
[2017.06.11-04.15.11:938][753]LogModuleManager: Shutting down and abandoning module VREditor (204)
[2017.06.11-04.15.11:938][753]LogModuleManager: Shutting down and abandoning module StringTableEditor (202)
[2017.06.11-04.15.11:938][753]LogModuleManager: Shutting down and abandoning module GameplayTasksEditor (200)
[2017.06.11-04.15.11:938][753]LogModuleManager: Shutting down and abandoning module BehaviorTreeEditor (198)
[2017.06.11-04.15.11:938][753]LogModuleManager: Shutting down and abandoning module FunctionalTesting (196)
[2017.06.11-04.15.11:938][753]LogModuleManager: Shutting down and abandoning module CollisionAnalyzer (194)
[2017.06.11-04.15.11:938][753]LogModuleManager: Shutting down and abandoning module UMG (192)
[2017.06.11-04.15.11:939][753]LogModuleManager: Shutting down and abandoning module UMGEditor (191)
[2017.06.11-04.15.11:939][753]LogModuleManager: Shutting down and abandoning module Sequencer (190)
[2017.06.11-04.15.11:939][753]LogModuleManager: Shutting down and abandoning module AssetTools (188)
[2017.06.11-04.15.11:939][753]LogModuleManager: Shutting down and abandoning module MessageLog (187)
[2017.06.11-04.15.11:939][753]LogModuleManager: Shutting down and abandoning module WorkspaceMenuStructure (186)
[2017.06.11-04.15.11:939][753]LogModuleManager: Shutting down and abandoning module SlateReflector (180)
[2017.06.11-04.15.11:939][753]LogModuleManager: Shutting down and abandoning module Slate (178)
[2017.06.11-04.15.11:939][753]LogModuleManager: Shutting down and abandoning module EditorStyle (176)
[2017.06.11-04.15.11:943][753]LogModuleManager: Shutting down and abandoning module SourceCodeAccess (174)
[2017.06.11-04.15.11:943][753]LogModuleManager: Shutting down and abandoning module HeadMountedDisplay (172)
[2017.06.11-04.15.11:943][753]LogModuleManager: Shutting down and abandoning module XAudio2 (170)
[2017.06.11-04.15.11:943][753]LogModuleManager: Shutting down and abandoning module Networking (168)
[2017.06.11-04.15.11:943][753]LogModuleManager: Shutting down and abandoning module Core (164)
[2017.06.11-04.15.11:943][753]LogModuleManager: Shutting down and abandoning module AssetRegistry (162)
[2017.06.11-04.15.12:069][753]LogDirectoryWatcher: A directory notification for '../../../Engine/Content/' was aborted.
[2017.06.11-04.15.12:069][753]LogDirectoryWatcher: A directory notification for '../../../../../../Users/Will/Desktop/Game/Sidescroller/Content/' was aborted.
[2017.06.11-04.15.12:069][753]LogDirectoryWatcher: A directory notification for '../../../Engine/Plugins/2D/Paper2D/Content/' was aborted.
[2017.06.11-04.15.12:069][753]LogDirectoryWatcher: A directory notification for '../../../Engine/Plugins/Runtime/GearVR/Content/' was aborted.
[2017.06.11-04.15.12:075][753]LogModuleManager: Shutting down and abandoning module DirectoryWatcher (161)
[2017.06.11-04.15.12:077][753]LogModuleManager: Shutting down and abandoning module KismetCompiler (158)
[2017.06.11-04.15.12:077][753]LogModuleManager: Shutting down and abandoning module PhysXFormats (156)
[2017.06.11-04.15.12:077][753]LogModuleManager: Shutting down and abandoning module MeshUtilities (154)
[2017.06.11-04.15.12:077][753]LogModuleManager: Shutting down and abandoning module SimplygonSwarm (153)
[2017.06.11-04.15.12:077][753]LogModuleManager: Shutting down and abandoning module SimplygonMeshReduction (151)
[2017.06.11-04.15.12:077][753]LogModuleManager: Shutting down and abandoning module QuadricMeshReduction (149)
[2017.06.11-04.15.12:077][753]LogModuleManager: Shutting down and abandoning module LevelSequence (146)
[2017.06.11-04.15.12:077][753]LogModuleManager: Shutting down and abandoning module DerivedDataCache (144)
[2017.06.11-04.15.12:097][753]LogDerivedDataCache: Shutdown
[2017.06.11-04.15.12:097][753]LogModuleManager: Shutting down and abandoning module TargetPlatform (142)
[2017.06.11-04.15.12:097][753]LogModuleManager: Shutting down and abandoning module VulkanShaderFormat (141)
[2017.06.11-04.15.12:097][753]LogModuleManager: Shutting down and abandoning module ShaderFormatVectorVM (139)
[2017.06.11-04.15.12:097][753]LogModuleManager: Shutting down and abandoning module ShaderFormatOpenGL (137)
[2017.06.11-04.15.12:097][753]LogModuleManager: Shutting down and abandoning module ShaderFormatD3D (135)
[2017.06.11-04.15.12:097][753]LogModuleManager: Shutting down and abandoning module MetalShaderFormat (133)
[2017.06.11-04.15.12:097][753]LogModuleManager: Shutting down and abandoning module TextureFormatUncompressed (131)
[2017.06.11-04.15.12:097][753]LogModuleManager: Shutting down and abandoning module TextureFormatPVR (129)
[2017.06.11-04.15.12:097][753]LogModuleManager: Shutting down and abandoning module TextureFormatDXT (127)
[2017.06.11-04.15.12:097][753]LogModuleManager: Shutting down and abandoning module TextureFormatIntelISPCTexComp (125)
[2017.06.11-04.15.12:097][753]LogModuleManager: Shutting down and abandoning module TextureFormatASTC (123)
[2017.06.11-04.15.12:097][753]LogModuleManager: Shutting down and abandoning module ImageWrapper (122)
[2017.06.11-04.15.12:097][753]LogModuleManager: Shutting down and abandoning module TextureFormatAndroid (119)
[2017.06.11-04.15.12:097][753]LogModuleManager: Shutting down and abandoning module AudioFormatOpus (117)
[2017.06.11-04.15.12:097][753]LogModuleManager: Shutting down and abandoning module AudioFormatOgg (115)
[2017.06.11-04.15.12:097][753]LogModuleManager: Shutting down and abandoning module AudioFormatADPCM (113)
[2017.06.11-04.15.12:097][753]LogModuleManager: Shutting down and abandoning module LinuxTargetPlatform (111)
[2017.06.11-04.15.12:097][753]LogModuleManager: Shutting down and abandoning module LinuxServerTargetPlatform (109)
[2017.06.11-04.15.12:097][753]LogModuleManager: Shutting down and abandoning module LinuxNoEditorTargetPlatform (107)
[2017.06.11-04.15.12:097][753]LogModuleManager: Shutting down and abandoning module LinuxClientTargetPlatform (105)
[2017.06.11-04.15.12:097][753]LogModuleManager: Shutting down and abandoning module TVOSTargetPlatform (103)
[2017.06.11-04.15.12:098][753]LogModuleManager: Shutting down and abandoning module Messaging (101)
[2017.06.11-04.15.12:098][753]LogModuleManager: Shutting down and abandoning module IOSTargetPlatform (99)
[2017.06.11-04.15.12:098][753]LogModuleManager: Shutting down and abandoning module HTML5TargetPlatform (97)
[2017.06.11-04.15.12:098][753]LogModuleManager: Shutting down and abandoning module Android_PVRTCTargetPlatform (95)
[2017.06.11-04.15.12:098][753]LogModuleManager: Shutting down and abandoning module Android_MultiTargetPlatform (93)
[2017.06.11-04.15.12:098][753]LogModuleManager: Shutting down and abandoning module Android_ETC2TargetPlatform (91)
[2017.06.11-04.15.12:098][753]LogModuleManager: Shutting down and abandoning module Android_ETC1TargetPlatform (89)
[2017.06.11-04.15.12:098][753]LogModuleManager: Shutting down and abandoning module Android_DXTTargetPlatform (87)
[2017.06.11-04.15.12:098][753]LogModuleManager: Shutting down and abandoning module Android_ATCTargetPlatform (85)
[2017.06.11-04.15.12:098][753]LogModuleManager: Shutting down and abandoning module Android_ASTCTargetPlatform (83)
[2017.06.11-04.15.12:098][753]LogModuleManager: Shutting down and abandoning module AndroidTargetPlatform (81)
[2017.06.11-04.15.12:098][753]LogModuleManager: Shutting down and abandoning module WindowsTargetPlatform (79)
[2017.06.11-04.15.12:098][753]LogModuleManager: Shutting down and abandoning module WindowsServerTargetPlatform (77)
[2017.06.11-04.15.12:098][753]LogModuleManager: Shutting down and abandoning module WindowsNoEditorTargetPlatform (75)
[2017.06.11-04.15.12:098][753]LogModuleManager: Shutting down and abandoning module WindowsClientTargetPlatform (73)
[2017.06.11-04.15.12:098][753]LogModuleManager: Shutting down and abandoning module MacTargetPlatform (71)
[2017.06.11-04.15.12:098][753]LogModuleManager: Shutting down and abandoning module MacServerTargetPlatform (69)
[2017.06.11-04.15.12:098][753]LogModuleManager: Shutting down and abandoning module MacNoEditorTargetPlatform (67)
[2017.06.11-04.15.12:098][753]LogModuleManager: Shutting down and abandoning module MacClientTargetPlatform (65)
[2017.06.11-04.15.12:098][753]LogModuleManager: Shutting down and abandoning module AllDesktopTargetPlatform (63)
[2017.06.11-04.15.12:098][753]LogModuleManager: Shutting down and abandoning module InputCore (60)
[2017.06.11-04.15.12:098][753]LogModuleManager: Shutting down and abandoning module Settings (58)
[2017.06.11-04.15.12:098][753]LogModuleManager: Shutting down and abandoning module OculusRift (56)
[2017.06.11-04.15.12:098][753]LogModuleManager: Shutting down and abandoning module GearVRController (54)
[2017.06.11-04.15.12:098][753]LogModuleManager: Shutting down and abandoning module GearVR (52)
[2017.06.11-04.15.12:098][753]LogModuleManager: Shutting down and abandoning module ExampleDeviceProfileSelector (50)
[2017.06.11-04.15.12:098][753]LogModuleManager: Shutting down and abandoning module OnlineBlueprintSupport (48)
[2017.06.11-04.15.12:098][753]LogModuleManager: Shutting down and abandoning module OnlineSubsystem (44)
[2017.06.11-04.15.12:098][753]LogOnline:Display: Unloading online subsystem: NULL
[2017.06.11-04.15.12:098][753]LogModuleManager: Shutting down and abandoning module XMPP (43)
[2017.06.11-04.15.12:098][753]LogModuleManager: Shutting down and abandoning module HTTP (41)
[2017.06.11-04.15.12:098][753]LogHttp:Display: Http module shutting down, but needs to wait on 1 outstanding Http requests:
[2017.06.11-04.15.12:098][753]LogHttp:Display: 	verb=[POST] url=[https://datarouter.ol.epicgames.com/datarouter/api/v1/public/data?SessionID=%7B65CF9016-4CB5-975A-DBD2-549D9C383DA4%7D&AppID=UEEditor.Rocket.Release&AppVersion=4.16.1-3466753%2B%2B%2BUE4%2BRelease-4.16&UserID=09f269b74654b2fcab6377a37ef210d8%7C1ce6696bbe214335b0489d6be42a7142%7C8391d836-b208-480f-a195-c125b925a93b&AppEnvironment=datacollector-binary&UploadType=eteventstream] status=Processing
[2017.06.11-04.15.12:124][753]LogModuleManager: Shutting down and abandoning module SSL (40)
[2017.06.11-04.15.12:126][753]LogModuleManager: Shutting down and abandoning module HTTPChunkInstaller (36)
[2017.06.11-04.15.12:126][753]LogModuleManager: Shutting down and abandoning module AnimationModifiers (34)
[2017.06.11-04.15.12:126][753]LogModuleManager: Shutting down and abandoning module PropertyEditor (33)
[2017.06.11-04.15.12:126][753]LogModuleManager: Shutting down and abandoning module AudioEditor (30)
[2017.06.11-04.15.12:126][753]LogModuleManager: Shutting down and abandoning module TextureCompressor (28)
[2017.06.11-04.15.12:126][753]LogModuleManager: Shutting down and abandoning module ShaderCore (26)
[2017.06.11-04.15.12:126][753]LogModuleManager: Shutting down and abandoning module Landscape (24)
[2017.06.11-04.15.12:126][753]LogModuleManager: Shutting down and abandoning module SlateRHIRenderer (22)
[2017.06.11-04.15.12:128][753]LogModuleManager: Shutting down and abandoning module OpenGLDrv (20)
[2017.06.11-04.15.12:128][753]LogModuleManager: Shutting down and abandoning module D3D11RHI (18)
[2017.06.11-04.15.12:128][753]LogModuleManager: Shutting down and abandoning module AnimGraphRuntime (16)
[2017.06.11-04.15.12:128][753]LogModuleManager: Shutting down and abandoning module Renderer (14)
[2017.06.11-04.15.12:128][753]LogModuleManager: Shutting down and abandoning module Engine (12)
[2017.06.11-04.15.12:128][753]LogModuleManager: Shutting down and abandoning module CoreUObject (10)
[2017.06.11-04.15.12:128][753]LogModuleManager: Shutting down and abandoning module NetworkFile (8)
[2017.06.11-04.15.12:128][753]LogModuleManager: Shutting down and abandoning module StreamingFile (6)
[2017.06.11-04.15.12:128][753]LogModuleManager: Shutting down and abandoning module SandboxFile (4)
[2017.06.11-04.15.12:128][753]LogModuleManager: Shutting down and abandoning module PakFile (2)
[2017.06.11-04.15.12:130][753]LogExit: Exiting.
[2017.06.11-04.15.12:142][753]Log file closed, 06/11/17 00:15:12
